#! /c/Source/iverilog-install/bin/vvp
:ivl_version "12.0 (devel)" "(s20150603-1539-g2693dd32b)";
:ivl_delay_selection "TYPICAL";
:vpi_time_precision + 0;
:vpi_module "C:\iverilog\lib\ivl\system.vpi";
:vpi_module "C:\iverilog\lib\ivl\vhdl_sys.vpi";
:vpi_module "C:\iverilog\lib\ivl\vhdl_textio.vpi";
:vpi_module "C:\iverilog\lib\ivl\v2005_math.vpi";
:vpi_module "C:\iverilog\lib\ivl\va_math.vpi";
:vpi_module "C:\iverilog\lib\ivl\v2009.vpi";
S_000001783714adb0 .scope package, "$unit" "$unit" 2 1;
 .timescale 0 0;
S_000001783712ee20 .scope module, "InstrMemory" "InstrMemory" 3 1;
 .timescale 0 0;
    .port_info 0 /INPUT 8 "A";
    .port_info 1 /OUTPUT 32 "RD";
o0000017837220088 .functor BUFZ 8, C4<zzzzzzzz>; HiZ drive
v00000178371c6240_0 .net "A", 7 0, o0000017837220088;  0 drivers
v00000178371c6ec0_0 .var "RD", 31 0;
E_00000178371ad7c0 .event anyedge, v00000178371c6240_0;
S_000001783712efb0 .scope module, "Mod_Teste" "Mod_Teste" 4 17;
 .timescale 0 0;
    .port_info 0 /INPUT 1 "CLOCK_27";
    .port_info 1 /INPUT 1 "CLOCK_50";
    .port_info 2 /INPUT 4 "KEY";
    .port_info 3 /INPUT 18 "SW";
    .port_info 4 /OUTPUT 7 "HEX0";
    .port_info 5 /OUTPUT 7 "HEX1";
    .port_info 6 /OUTPUT 7 "HEX2";
    .port_info 7 /OUTPUT 7 "HEX3";
    .port_info 8 /OUTPUT 7 "HEX4";
    .port_info 9 /OUTPUT 7 "HEX5";
    .port_info 10 /OUTPUT 7 "HEX6";
    .port_info 11 /OUTPUT 7 "HEX7";
    .port_info 12 /OUTPUT 9 "LEDG";
    .port_info 13 /OUTPUT 18 "LEDR";
    .port_info 14 /OUTPUT 1 "UART_TXD";
    .port_info 15 /INPUT 1 "UART_RXD";
    .port_info 16 /INOUT 8 "LCD_DATA";
    .port_info 17 /OUTPUT 1 "LCD_ON";
    .port_info 18 /OUTPUT 1 "LCD_BLON";
    .port_info 19 /OUTPUT 1 "LCD_RW";
    .port_info 20 /OUTPUT 1 "LCD_EN";
    .port_info 21 /OUTPUT 1 "LCD_RS";
    .port_info 22 /INOUT 36 "GPIO_0";
    .port_info 23 /INOUT 36 "GPIO_1";
L_00000178371b93c0 .functor NOT 1, v000001783726faa0_0, C4<0>, C4<0>, C4<0>;
L_00000178371b8da0 .functor NOT 1, L_0000017837276040, C4<0>, C4<0>, C4<0>;
L_00000178371b8cc0 .functor AND 1, v00000178372707f0_0, v000001783726e420_0, C4<1>, C4<1>;
o00000178372225a8 .functor BUFZ 1, C4<z>; HiZ drive
v0000017837271330_0 .net "CLOCK_27", 0 0, o00000178372225a8;  0 drivers
o0000017837220a18 .functor BUFZ 1, C4<z>; HiZ drive
v0000017837271f10_0 .net "CLOCK_50", 0 0, o0000017837220a18;  0 drivers
o00000178372225d8 .functor BUFZ 36, C4<zzzzzzzzzzzzzzzzzzzzzzzzzzzzzzzzzzzz>; HiZ drive
v00000178372702f0_0 .net "GPIO_0", 35 0, o00000178372225d8;  0 drivers
o0000017837222608 .functor BUFZ 36, C4<zzzzzzzzzzzzzzzzzzzzzzzzzzzzzzzzzzzz>; HiZ drive
v0000017837270390_0 .net "GPIO_1", 35 0, o0000017837222608;  0 drivers
v0000017837270ed0_0 .net "HEX0", 0 6, L_00000178371b9970;  1 drivers
o0000017837222638 .functor BUFZ 7, C4<zzzzzzz>; HiZ drive
v0000017837270f70_0 .net "HEX1", 0 6, o0000017837222638;  0 drivers
o0000017837222668 .functor BUFZ 7, C4<zzzzzzz>; HiZ drive
v00000178372716f0_0 .net "HEX2", 0 6, o0000017837222668;  0 drivers
o0000017837222698 .functor BUFZ 7, C4<zzzzzzz>; HiZ drive
v0000017837270c50_0 .net "HEX3", 0 6, o0000017837222698;  0 drivers
o00000178372226c8 .functor BUFZ 7, C4<zzzzzzz>; HiZ drive
v0000017837270a70_0 .net "HEX4", 0 6, o00000178372226c8;  0 drivers
o00000178372226f8 .functor BUFZ 7, C4<zzzzzzz>; HiZ drive
v0000017837270570_0 .net "HEX5", 0 6, o00000178372226f8;  0 drivers
o0000017837222728 .functor BUFZ 7, C4<zzzzzzz>; HiZ drive
v00000178372710b0_0 .net "HEX6", 0 6, o0000017837222728;  0 drivers
o0000017837222758 .functor BUFZ 7, C4<zzzzzzz>; HiZ drive
v0000017837271830_0 .net "HEX7", 0 6, o0000017837222758;  0 drivers
o0000017837222788 .functor BUFZ 4, C4<zzzz>; HiZ drive
v0000017837270430_0 .net "KEY", 3 0, o0000017837222788;  0 drivers
L_00000178372770b0 .functor BUFT 1, C4<1>, C4<0>, C4<0>, C4<0>;
v0000017837271970_0 .net "LCD_BLON", 0 0, L_00000178372770b0;  1 drivers
v00000178372706b0_0 .net "LCD_DATA", 7 0, L_00000178371b9a50;  1 drivers
v00000178372704d0_0 .net "LCD_EN", 0 0, v00000178371c64c0_0;  1 drivers
L_0000017837277068 .functor BUFT 1, C4<1>, C4<0>, C4<0>, C4<0>;
v0000017837271150_0 .net "LCD_ON", 0 0, L_0000017837277068;  1 drivers
v00000178372711f0_0 .net "LCD_RS", 0 0, L_00000178371b9890;  1 drivers
L_00000178372770f8 .functor BUFT 1, C4<0>, C4<0>, C4<0>, C4<0>;
v0000017837270610_0 .net "LCD_RW", 0 0, L_00000178372770f8;  1 drivers
v0000017837270750_0 .net "LEDG", 8 0, L_00000178372c5720;  1 drivers
v0000017837270d90_0 .net "LEDR", 17 0, L_00000178372c6c60;  1 drivers
o0000017837222878 .functor BUFZ 18, C4<zzzzzzzzzzzzzzzzzz>; HiZ drive
v0000017837270890_0 .net "SW", 17 0, o0000017837222878;  0 drivers
o00000178372228a8 .functor BUFZ 1, C4<z>; HiZ drive
v0000017837271ab0_0 .net "UART_RXD", 0 0, o00000178372228a8;  0 drivers
o00000178372228d8 .functor BUFZ 1, C4<z>; HiZ drive
v0000017837271a10_0 .net "UART_TXD", 0 0, o00000178372228d8;  0 drivers
v0000017837270930_0 .net *"_ivl_103", 4 0, L_00000178372c6940;  1 drivers
v00000178372709d0_0 .net *"_ivl_107", 4 0, L_00000178372c5a40;  1 drivers
o0000017837222968 .functor BUFZ 7, C4<zzzzzzz>; HiZ drive
; Elide local net with no drivers, v0000017837270e30_0 name=_ivl_114
o0000017837222998 .functor BUFZ 8, C4<zzzzzzzz>; HiZ drive
; Elide local net with no drivers, v0000017837272f80_0 name=_ivl_117
v00000178372737a0_0 .net *"_ivl_12", 0 0, L_00000178371b93c0;  1 drivers
v0000017837273840_0 .net *"_ivl_17", 0 0, L_0000017837276040;  1 drivers
v00000178372721c0_0 .net *"_ivl_18", 0 0, L_00000178371b8da0;  1 drivers
v0000017837272440_0 .net *"_ivl_20", 0 0, L_0000017837275b40;  1 drivers
v0000017837272080_0 .net *"_ivl_22", 0 0, L_0000017837276cc0;  1 drivers
v0000017837273ca0_0 .net *"_ivl_24", 0 0, L_00000178372760e0;  1 drivers
v0000017837272260_0 .net *"_ivl_26", 0 0, L_0000017837276ae0;  1 drivers
v0000017837273660_0 .net *"_ivl_28", 0 0, L_00000178372750a0;  1 drivers
v0000017837273020_0 .net *"_ivl_30", 0 0, L_0000017837275820;  1 drivers
v0000017837273980_0 .net *"_ivl_32", 0 0, L_0000017837276860;  1 drivers
v0000017837272bc0_0 .net *"_ivl_34", 0 0, L_0000017837275e60;  1 drivers
v00000178372730c0_0 .net *"_ivl_36", 0 0, L_00000178372753c0;  1 drivers
v00000178372729e0_0 .net *"_ivl_38", 0 0, L_0000017837276360;  1 drivers
v0000017837272120_0 .net *"_ivl_52", 0 0, L_00000178372765e0;  1 drivers
v00000178372723a0_0 .net *"_ivl_54", 0 0, L_00000178372755a0;  1 drivers
v0000017837272a80_0 .net *"_ivl_56", 0 0, L_0000017837276180;  1 drivers
v00000178372732a0_0 .net *"_ivl_57", 9 0, L_0000017837276900;  1 drivers
v0000017837273b60_0 .net *"_ivl_62", 7 0, L_0000017837275280;  1 drivers
L_00000178372771d0 .functor BUFT 1, C4<00>, C4<0>, C4<0>, C4<0>;
v0000017837272c60_0 .net *"_ivl_80", 1 0, L_00000178372771d0;  1 drivers
L_0000017837277218 .functor BUFT 1, C4<0>, C4<0>, C4<0>, C4<0>;
v0000017837273700_0 .net *"_ivl_93", 0 0, L_0000017837277218;  1 drivers
L_0000017837277260 .functor BUFT 1, C4<0>, C4<0>, C4<0>, C4<0>;
v0000017837272d00_0 .net *"_ivl_98", 0 0, L_0000017837277260;  1 drivers
v00000178372738e0_0 .net "clk", 0 0, v000001783726faa0_0;  1 drivers
v0000017837272940_0 .net "w_ALUSrc", 0 0, v000001783726ef60_0;  1 drivers
v0000017837272da0_0 .net "w_Branch", 0 0, v000001783726e420_0;  1 drivers
v0000017837273160_0 .net "w_Jump", 0 0, v000001783726ec40_0;  1 drivers
v00000178372724e0_0 .net "w_MemWrite", 0 0, v000001783726e100_0;  1 drivers
v0000017837272580_0 .net "w_MemtoReg", 0 0, v000001783726fa00_0;  1 drivers
v0000017837272ee0_0 .net "w_PC", 7 0, v000001783726f460_0;  1 drivers
v0000017837272300_0 .net "w_PCBranch", 7 0, L_00000178372769a0;  1 drivers
v0000017837273a20_0 .net "w_PCSrc", 0 0, L_00000178371b8cc0;  1 drivers
v0000017837272e40_0 .net "w_PCp1", 7 0, v000001783726eba0_0;  1 drivers
v0000017837273ac0_0 .var "w_RD", 31 0;
v0000017837273200_0 .var "w_RData", 7 0;
v0000017837273340_0 .net "w_RegData", 7 0, L_00000178372756e0;  1 drivers
v0000017837273c00_0 .net "w_RegDst", 0 0, v000001783726f820_0;  1 drivers
v0000017837273d40_0 .net "w_RegWrite", 0 0, v000001783726ece0_0;  1 drivers
v0000017837272b20_0 .net "w_SrcB", 7 0, v00000178371c6380_0;  1 drivers
v0000017837273de0_0 .net "w_ULAControl", 2 0, v000001783726ee20_0;  1 drivers
v00000178372733e0_0 .net "w_ULAResultWd3", 7 0, L_00000178372c6d00;  1 drivers
v0000017837272620_0 .net "w_We", 0 0, L_00000178371b9b30;  1 drivers
v00000178372726c0_0 .net "w_Z", 0 0, v00000178372707f0_0;  1 drivers
v0000017837273480_0 .net "w_d0x0", 7 0, L_0000017837276ea0;  1 drivers
v0000017837272760_0 .net "w_d0x1", 7 0, L_0000017837276a40;  1 drivers
v0000017837273e80_0 .net "w_d0x2", 7 0, L_0000017837276b80;  1 drivers
v0000017837273520_0 .net "w_d0x3", 7 0, L_00000178372762c0;  1 drivers
o0000017837220e98 .functor BUFZ 8, C4<zzzzzzzz>; HiZ drive
v0000017837273f20_0 .net "w_d0x4", 7 0, o0000017837220e98;  0 drivers
o0000017837220ec8 .functor BUFZ 8, C4<zzzzzzzz>; HiZ drive
v00000178372735c0_0 .net "w_d0x5", 7 0, o0000017837220ec8;  0 drivers
v0000017837272800_0 .net "w_d1x0", 7 0, L_0000017837276400;  1 drivers
v00000178372728a0_0 .net "w_d1x1", 7 0, L_00000178372764a0;  1 drivers
v0000017837275be0_0 .net "w_d1x2", 7 0, L_0000017837275140;  1 drivers
v0000017837275f00_0 .net "w_d1x3", 7 0, L_0000017837275d20;  1 drivers
v0000017837276d60_0 .net "w_d1x4", 7 0, L_00000178371b9430;  1 drivers
o0000017837220fe8 .functor BUFZ 8, C4<zzzzzzzz>; HiZ drive
v0000017837275fa0_0 .net "w_d1x5", 7 0, o0000017837220fe8;  0 drivers
v00000178372758c0_0 .net "w_m1", 7 0, v00000178371c7140_0;  1 drivers
v0000017837275aa0_0 .net "w_nPC", 7 0, v00000178371c7000_0;  1 drivers
v0000017837276220_0 .net "w_rd1SrcA", 7 0, L_00000178371b94a0;  1 drivers
v0000017837275500_0 .net "w_rd2", 7 0, L_00000178371b9ba0;  1 drivers
v0000017837276f40_0 .net "w_wa3", 2 0, L_00000178372c5680;  1 drivers
v0000017837275960_0 .net "w_wd3", 7 0, v00000178371c7dc0_0;  1 drivers
L_0000017837276680 .part o0000017837222788, 0, 1;
L_0000017837276040 .part o0000017837222788, 1, 1;
L_0000017837275b40 .part L_0000017837276900, 9, 1;
L_0000017837276cc0 .part L_0000017837276900, 8, 1;
L_00000178372760e0 .part L_0000017837276900, 7, 1;
L_0000017837276ae0 .part L_0000017837276900, 6, 1;
L_00000178372750a0 .part L_0000017837276900, 5, 1;
L_0000017837275820 .part L_0000017837276900, 4, 1;
L_0000017837276860 .part L_0000017837276900, 3, 1;
L_0000017837275e60 .part L_0000017837276900, 2, 1;
L_00000178372753c0 .part L_0000017837276900, 1, 1;
L_0000017837276360 .part L_0000017837276900, 0, 1;
L_00000178372765e0 .part v000001783726ee20_0, 0, 1;
L_00000178372755a0 .part v000001783726ee20_0, 1, 1;
L_0000017837276180 .part v000001783726ee20_0, 2, 1;
LS_0000017837276900_0_0 .concat [ 1 1 1 1], v000001783726ece0_0, v000001783726f820_0, v000001783726ef60_0, L_0000017837276180;
LS_0000017837276900_0_4 .concat [ 1 1 1 1], L_00000178372755a0, L_00000178372765e0, v000001783726e420_0, v000001783726e100_0;
LS_0000017837276900_0_8 .concat [ 1 1 0 0], v000001783726fa00_0, v000001783726ec40_0;
L_0000017837276900 .concat [ 4 4 2 0], LS_0000017837276900_0_0, LS_0000017837276900_0_4, LS_0000017837276900_0_8;
L_0000017837275280 .part v0000017837273ac0_0, 0, 8;
L_00000178372769a0 .arith/sum 8, L_0000017837275280, v000001783726eba0_0;
L_0000017837276e00 .part o0000017837222878, 0, 4;
L_0000017837276c20 .part v0000017837273ac0_0, 0, 8;
L_0000017837275a00 .part o0000017837222788, 1, 1;
L_00000178372767c0 .part o0000017837222878, 0, 8;
L_0000017837275c80 .part v0000017837273ac0_0, 26, 6;
L_0000017837275780 .part v0000017837273ac0_0, 0, 6;
L_0000017837275dc0 .concat [ 3 2 0 0], L_00000178372c5680, L_00000178372771d0;
L_0000017837275460 .part v0000017837273ac0_0, 21, 5;
L_00000178372c64e0 .part v0000017837273ac0_0, 16, 5;
L_00000178372c6260 .part o0000017837222788, 1, 1;
L_00000178372c5540 .part v0000017837273ac0_0, 0, 8;
L_00000178372c6f80 .concat [ 8 1 0 0], L_00000178371b94a0, L_0000017837277218;
L_00000178372c5b80 .concat [ 8 1 0 0], v00000178371c6380_0, L_0000017837277260;
L_00000178372c6d00 .part v0000017837271e70_0, 0, 8;
L_00000178372c6940 .part v0000017837273ac0_0, 16, 5;
L_00000178372c66c0 .part L_00000178372c6940, 0, 4;
L_00000178372c5a40 .part v0000017837273ac0_0, 11, 5;
L_00000178372c69e0 .part L_00000178372c5a40, 0, 4;
L_00000178372c5680 .part v00000178371c6920_0, 0, 3;
L_00000178372c5720 .concat [ 1 1 7 0], L_00000178371b8da0, L_00000178371b93c0, o0000017837222968;
LS_00000178372c6c60_0_0 .concat [ 1 1 1 1], L_0000017837275b40, L_0000017837276cc0, L_00000178372760e0, L_0000017837276ae0;
LS_00000178372c6c60_0_4 .concat [ 1 1 1 1], L_00000178372750a0, L_0000017837275820, L_0000017837276860, L_0000017837275e60;
LS_00000178372c6c60_0_8 .concat [ 1 1 8 0], L_00000178372753c0, L_0000017837276360, o0000017837222998;
L_00000178372c6c60 .concat [ 4 4 10 0], LS_00000178372c6c60_0_0, LS_00000178372c6c60_0_4, LS_00000178372c6c60_0_8;
S_0000017837131810 .scope module, "MuxDDest" "Mux2x1" 4 82, 5 1 0, S_000001783712efb0;
 .timescale 0 0;
    .port_info 0 /INPUT 8 "in0";
    .port_info 1 /INPUT 8 "in1";
    .port_info 2 /INPUT 1 "Sel";
    .port_info 3 /OUTPUT 8 "out";
P_00000178371adc00 .param/l "N" 0 5 1, +C4<00000000000000000000000000001000>;
v00000178371c6740_0 .net "Sel", 0 0, v000001783726fa00_0;  alias, 1 drivers
v00000178371c76e0_0 .net "in0", 7 0, L_00000178372c6d00;  alias, 1 drivers
v00000178371c7d20_0 .net "in1", 7 0, L_00000178372756e0;  alias, 1 drivers
v00000178371c7dc0_0 .var "out", 7 0;
E_00000178371ada80 .event anyedge, v00000178371c6740_0, v00000178371c76e0_0, v00000178371c7d20_0;
S_000001783713ec40 .scope module, "MuxJump" "Mux2x1" 4 72, 5 1 0, S_000001783712efb0;
 .timescale 0 0;
    .port_info 0 /INPUT 8 "in0";
    .port_info 1 /INPUT 8 "in1";
    .port_info 2 /INPUT 1 "Sel";
    .port_info 3 /OUTPUT 8 "out";
P_00000178371adb00 .param/l "N" 0 5 1, +C4<00000000000000000000000000001000>;
v00000178371c5fc0_0 .net "Sel", 0 0, v000001783726ec40_0;  alias, 1 drivers
v00000178371c7960_0 .net "in0", 7 0, v00000178371c7140_0;  alias, 1 drivers
v00000178371c7780_0 .net "in1", 7 0, L_0000017837276c20;  1 drivers
v00000178371c7000_0 .var "out", 7 0;
E_00000178371ae4c0 .event anyedge, v00000178371c5fc0_0, v00000178371c7960_0, v00000178371c7780_0;
S_000001783713edd0 .scope module, "MuxPCSrc" "Mux2x1" 4 70, 5 1 0, S_000001783712efb0;
 .timescale 0 0;
    .port_info 0 /INPUT 8 "in0";
    .port_info 1 /INPUT 8 "in1";
    .port_info 2 /INPUT 1 "Sel";
    .port_info 3 /OUTPUT 8 "out";
P_00000178371adc40 .param/l "N" 0 5 1, +C4<00000000000000000000000000001000>;
v00000178371c6b00_0 .net "Sel", 0 0, L_00000178371b8cc0;  alias, 1 drivers
v00000178371c6060_0 .net "in0", 7 0, v000001783726eba0_0;  alias, 1 drivers
v00000178371c7a00_0 .net "in1", 7 0, L_00000178372769a0;  alias, 1 drivers
v00000178371c7140_0 .var "out", 7 0;
E_00000178371adcc0 .event anyedge, v00000178371c6b00_0, v00000178371c6060_0, v00000178371c7a00_0;
S_0000017837143d90 .scope module, "MuxULASrc" "Mux2x1" 4 98, 5 1 0, S_000001783712efb0;
 .timescale 0 0;
    .port_info 0 /INPUT 8 "in0";
    .port_info 1 /INPUT 8 "in1";
    .port_info 2 /INPUT 1 "Sel";
    .port_info 3 /OUTPUT 8 "out";
P_00000178371ae600 .param/l "N" 0 5 1, +C4<00000000000000000000000000001000>;
v00000178371c71e0_0 .net "Sel", 0 0, v000001783726ef60_0;  alias, 1 drivers
v00000178371c7820_0 .net "in0", 7 0, L_00000178371b9ba0;  alias, 1 drivers
v00000178371c6100_0 .net "in1", 7 0, L_00000178372c5540;  1 drivers
v00000178371c6380_0 .var "out", 7 0;
E_00000178371ae640 .event anyedge, v00000178371c71e0_0, v00000178371c7820_0, v00000178371c6100_0;
S_0000017837143f20 .scope module, "MuxWR" "Mux2x1" 4 104, 5 1 0, S_000001783712efb0;
 .timescale 0 0;
    .port_info 0 /INPUT 4 "in0";
    .port_info 1 /INPUT 4 "in1";
    .port_info 2 /INPUT 1 "Sel";
    .port_info 3 /OUTPUT 4 "out";
P_00000178371ade40 .param/l "N" 0 5 1, +C4<00000000000000000000000000000100>;
v00000178371c6880_0 .net "Sel", 0 0, v000001783726f820_0;  alias, 1 drivers
v00000178371c6420_0 .net "in0", 3 0, L_00000178372c66c0;  1 drivers
v00000178371c6c40_0 .net "in1", 3 0, L_00000178372c69e0;  1 drivers
v00000178371c6920_0 .var "out", 3 0;
E_00000178371ae0c0 .event anyedge, v00000178371c6880_0, v00000178371c6420_0, v00000178371c6c40_0;
S_000001783713fd90 .scope module, "MyLCD" "LCD_TEST" 4 40, 6 1 0, S_000001783712efb0;
 .timescale 0 0;
    .port_info 0 /INPUT 1 "iCLK";
    .port_info 1 /INPUT 1 "iRST_N";
    .port_info 2 /INPUT 8 "d0x0";
    .port_info 3 /INPUT 8 "d0x1";
    .port_info 4 /INPUT 8 "d0x2";
    .port_info 5 /INPUT 8 "d0x3";
    .port_info 6 /INPUT 8 "d0x4";
    .port_info 7 /INPUT 8 "d0x5";
    .port_info 8 /INPUT 8 "d1x0";
    .port_info 9 /INPUT 8 "d1x1";
    .port_info 10 /INPUT 8 "d1x2";
    .port_info 11 /INPUT 8 "d1x3";
    .port_info 12 /INPUT 8 "d1x4";
    .port_info 13 /INPUT 8 "d1x5";
    .port_info 14 /OUTPUT 8 "LCD_DATA";
    .port_info 15 /OUTPUT 1 "LCD_RW";
    .port_info 16 /OUTPUT 1 "LCD_EN";
    .port_info 17 /OUTPUT 1 "LCD_RS";
P_00000178371440b0 .param/l "LCD_CH_LINE" 0 6 26, +C4<000000000000000000000000000010101>;
P_00000178371440e8 .param/l "LCD_INTIAL" 0 6 23, +C4<00000000000000000000000000000000>;
P_0000017837144120 .param/l "LCD_LINE1" 0 6 25, +C4<00000000000000000000000000000101>;
P_0000017837144158 .param/l "LCD_LINE2" 0 6 27, +C4<0000000000000000000000000000010110>;
P_0000017837144190 .param/l "LCD_RESTART" 0 6 24, +C4<00000000000000000000000000000100>;
P_00000178371441c8 .param/l "LUT_SIZE" 0 6 28, +C4<000000000000000000000000000000100101>;
v00000178371c7460_0 .net "LCD_DATA", 7 0, L_00000178371b9a50;  alias, 1 drivers
v00000178371c7500_0 .net "LCD_EN", 0 0, v00000178371c64c0_0;  alias, 1 drivers
v00000178371a09c0_0 .net "LCD_RS", 0 0, L_00000178371b9890;  alias, 1 drivers
v00000178371a0e20_0 .net "LCD_RW", 0 0, L_00000178372770f8;  alias, 1 drivers
v00000178371a0a60_0 .var "LUT_DATA", 8 0;
v00000178371a1280_0 .var "LUT_INDEX", 5 0;
v00000178371a1140_0 .net "d0x0", 7 0, L_0000017837276ea0;  alias, 1 drivers
v00000178371a0ba0_0 .net "d0x1", 7 0, L_0000017837276a40;  alias, 1 drivers
v00000178371a0ec0_0 .net "d0x2", 7 0, L_0000017837276b80;  alias, 1 drivers
v00000178371a1000_0 .net "d0x3", 7 0, L_00000178372762c0;  alias, 1 drivers
v00000178371a1320_0 .net "d0x4", 7 0, o0000017837220e98;  alias, 0 drivers
v00000178371a0ce0_0 .net "d0x5", 7 0, o0000017837220ec8;  alias, 0 drivers
v00000178371a13c0_0 .net "d1x0", 7 0, L_0000017837276400;  alias, 1 drivers
v00000178371a1460_0 .net "d1x1", 7 0, L_00000178372764a0;  alias, 1 drivers
v00000178371a1500_0 .net "d1x2", 7 0, L_0000017837275140;  alias, 1 drivers
v00000178371a15a0_0 .net "d1x3", 7 0, L_0000017837275d20;  alias, 1 drivers
v00000178371b2cb0_0 .net "d1x4", 7 0, L_00000178371b9430;  alias, 1 drivers
v00000178371b3ed0_0 .net "d1x5", 7 0, o0000017837220fe8;  alias, 0 drivers
v000001783726eec0_0 .net "iCLK", 0 0, o0000017837220a18;  alias, 0 drivers
v000001783726f1e0_0 .net "iRST_N", 0 0, L_0000017837276680;  1 drivers
v000001783726fd20_0 .var "mDLY", 17 0;
v000001783726f0a0_0 .var "mLCD_DATA", 7 0;
v000001783726f320_0 .net "mLCD_Done", 0 0, v00000178371c7320_0;  1 drivers
v000001783726e7e0_0 .var "mLCD_RS", 0 0;
v000001783726e600_0 .var "mLCD_ST", 5 0;
v000001783726e920_0 .var "mLCD_Start", 0 0;
E_00000178371ae280/0 .event anyedge, v00000178371a1280_0, v00000178371a1140_0, v00000178371a0ba0_0, v00000178371a0ec0_0;
E_00000178371ae280/1 .event anyedge, v00000178371a1000_0, v00000178371a1320_0, v00000178371a0ce0_0, v00000178371a13c0_0;
E_00000178371ae280/2 .event anyedge, v00000178371a1460_0, v00000178371a1500_0, v00000178371a15a0_0, v00000178371b2cb0_0;
E_00000178371ae280/3 .event anyedge, v00000178371b3ed0_0;
E_00000178371ae280 .event/or E_00000178371ae280/0, E_00000178371ae280/1, E_00000178371ae280/2, E_00000178371ae280/3;
S_000001783713ff20 .scope function.vec4.s9, "hex2char" "hex2char" 6 79, 6 79 0, S_000001783713fd90;
 .timescale 0 0;
v00000178371c67e0_0 .var "h", 3 0;
; Variable hex2char is vec4 return value of scope S_000001783713ff20
TD_Mod_Teste.MyLCD.hex2char ;
    %load/vec4 v00000178371c67e0_0;
    %pad/u 32;
    %cmpi/u 9, 0, 32;
    %flag_or 5, 4; GT is !LE
    %flag_inv 5;
    %flag_mov 8, 5;
    %jmp/0 T_0.0, 8;
    %pushi/vec4 311, 0, 9;
    %jmp/1 T_0.1, 8;
T_0.0 ; End of true expr.
    %pushi/vec4 304, 0, 9;
    %jmp/0 T_0.1, 8;
 ; End of false expr.
    %blend;
T_0.1;
    %load/vec4 v00000178371c67e0_0;
    %pad/u 9;
    %add;
    %ret/vec4 0, 0, 9;  Assign to hex2char (store_vec4_to_lval)
    %end;
S_0000017837177950 .scope module, "u0" "LCD_Controller" 6 133, 7 1 0, S_000001783713fd90;
 .timescale 0 0;
    .port_info 0 /INPUT 8 "iDATA";
    .port_info 1 /INPUT 1 "iRS";
    .port_info 2 /INPUT 1 "iStart";
    .port_info 3 /OUTPUT 1 "oDone";
    .port_info 4 /INPUT 1 "iCLK";
    .port_info 5 /INPUT 1 "iRST_N";
    .port_info 6 /OUTPUT 8 "LCD_DATA";
    .port_info 7 /OUTPUT 1 "LCD_RW";
    .port_info 8 /OUTPUT 1 "LCD_EN";
    .port_info 9 /OUTPUT 1 "LCD_RS";
P_00000178371aeac0 .param/l "CLK_Divide" 0 7 11, +C4<00000000000000000000000000010000>;
L_00000178371b9a50 .functor BUFZ 8, v000001783726f0a0_0, C4<00000000>, C4<00000000>, C4<00000000>;
L_00000178371b9890 .functor BUFZ 1, v000001783726e7e0_0, C4<0>, C4<0>, C4<0>;
v00000178371c69c0_0 .var "Cont", 4 0;
v00000178371c6a60_0 .net "LCD_DATA", 7 0, L_00000178371b9a50;  alias, 1 drivers
v00000178371c64c0_0 .var "LCD_EN", 0 0;
v00000178371c6560_0 .net "LCD_RS", 0 0, L_00000178371b9890;  alias, 1 drivers
v00000178371c6ce0_0 .net "LCD_RW", 0 0, L_00000178372770f8;  alias, 1 drivers
v00000178371c7be0_0 .var "ST", 1 0;
v00000178371c6600_0 .net "iCLK", 0 0, o0000017837220a18;  alias, 0 drivers
v00000178371c6d80_0 .net "iDATA", 7 0, v000001783726f0a0_0;  1 drivers
v00000178371c7640_0 .net "iRS", 0 0, v000001783726e7e0_0;  1 drivers
v00000178371c6ba0_0 .net "iRST_N", 0 0, L_0000017837276680;  alias, 1 drivers
v00000178371c6e20_0 .net "iStart", 0 0, v000001783726e920_0;  1 drivers
v00000178371c7280_0 .var "mStart", 0 0;
v00000178371c7320_0 .var "oDone", 0 0;
v00000178371c73c0_0 .var "preStart", 0 0;
E_00000178371ae840/0 .event negedge, v00000178371c6ba0_0;
E_00000178371ae840/1 .event posedge, v00000178371c6600_0;
E_00000178371ae840 .event/or E_00000178371ae840/0, E_00000178371ae840/1;
S_0000017837177ae0 .scope module, "Pin" "ParallelIn" 4 86, 8 1 0, S_000001783712efb0;
 .timescale 0 0;
    .port_info 0 /INPUT 8 "MemData";
    .port_info 1 /INPUT 8 "Address";
    .port_info 2 /INPUT 8 "DataIn";
    .port_info 3 /OUTPUT 8 "RegData";
v000001783726fb40_0 .net "Address", 7 0, L_00000178372c6d00;  alias, 1 drivers
v000001783726fe60_0 .net "DataIn", 7 0, L_00000178372767c0;  1 drivers
v000001783726e2e0_0 .net "MemData", 7 0, v0000017837273200_0;  1 drivers
v000001783726f500_0 .net "RegData", 7 0, L_00000178372756e0;  alias, 1 drivers
L_0000017837277188 .functor BUFT 1, C4<11111111>, C4<0>, C4<0>, C4<0>;
v000001783726ea60_0 .net/2u *"_ivl_0", 7 0, L_0000017837277188;  1 drivers
v000001783726fbe0_0 .net *"_ivl_2", 0 0, L_0000017837276720;  1 drivers
L_0000017837276720 .cmp/eq 8, L_00000178372c6d00, L_0000017837277188;
L_00000178372756e0 .functor MUXZ 8, v0000017837273200_0, L_00000178372767c0, L_0000017837276720, C4<>;
S_000001783714f2e0 .scope module, "Pout" "ParallelOut" 4 80, 9 1 0, S_000001783712efb0;
 .timescale 0 0;
    .port_info 0 /INPUT 1 "clk";
    .port_info 1 /INPUT 1 "we";
    .port_info 2 /INPUT 8 "Address";
    .port_info 3 /INPUT 8 "RegData";
    .port_info 4 /OUTPUT 8 "DataOut";
    .port_info 5 /OUTPUT 1 "wren";
L_00000178371b9190 .functor AND 1, L_0000017837275640, v000001783726e100_0, C4<1>, C4<1>;
L_00000178371b9270 .functor NOT 1, L_0000017837275640, C4<0>, C4<0>, C4<0>;
L_00000178371b9b30 .functor AND 1, L_00000178371b9270, v000001783726e100_0, C4<1>, C4<1>;
L_00000178371b9430 .functor BUFZ 8, v000001783726f640_0, C4<00000000>, C4<00000000>, C4<00000000>;
v000001783726e880_0 .net "Address", 7 0, L_00000178372c6d00;  alias, 1 drivers
v000001783726fdc0_0 .net "DataOut", 7 0, L_00000178371b9430;  alias, 1 drivers
v000001783726fc80_0 .net "RegData", 7 0, L_00000178371b9ba0;  alias, 1 drivers
v000001783726f640_0 .var "Registrador", 7 0;
L_0000017837277140 .functor BUFT 1, C4<11111111>, C4<0>, C4<0>, C4<0>;
v000001783726eb00_0 .net/2u *"_ivl_0", 7 0, L_0000017837277140;  1 drivers
v000001783726f000_0 .net *"_ivl_6", 0 0, L_00000178371b9270;  1 drivers
v000001783726e740_0 .net "clk", 0 0, v000001783726faa0_0;  alias, 1 drivers
v000001783726e6a0_0 .net "fioA", 0 0, L_0000017837275640;  1 drivers
v000001783726f140_0 .net "fioB", 0 0, L_00000178371b9190;  1 drivers
v000001783726f280_0 .net "we", 0 0, v000001783726e100_0;  alias, 1 drivers
v000001783726e380_0 .net "wren", 0 0, L_00000178371b9b30;  alias, 1 drivers
E_00000178371ae800 .event posedge, v000001783726e740_0;
L_0000017837275640 .cmp/eq 8, L_00000178372c6d00, L_0000017837277140;
S_000001783714f470 .scope module, "ProgramCounter" "PC" 4 74, 10 1 0, S_000001783712efb0;
 .timescale 0 0;
    .port_info 0 /INPUT 8 "PCin";
    .port_info 1 /INPUT 1 "clk";
    .port_info 2 /INPUT 1 "rst";
    .port_info 3 /OUTPUT 8 "PC";
v000001783726f460_0 .var "PC", 7 0;
v000001783726f780_0 .net "PCin", 7 0, v00000178371c7000_0;  alias, 1 drivers
v000001783726e4c0_0 .net "clk", 0 0, v000001783726faa0_0;  alias, 1 drivers
v000001783726e9c0_0 .net "rst", 0 0, L_0000017837275a00;  1 drivers
S_00000178371de450 .scope module, "add" "Adder1" 4 76, 11 1 0, S_000001783712efb0;
 .timescale 0 0;
    .port_info 0 /INPUT 8 "In";
    .port_info 1 /OUTPUT 8 "Out";
v000001783726f6e0_0 .net "In", 7 0, v000001783726f460_0;  alias, 1 drivers
v000001783726eba0_0 .var "Out", 7 0;
E_00000178371af3c0 .event anyedge, v000001783726f460_0;
S_00000178371de2c0 .scope module, "control" "ControlUnit" 4 88, 12 1 0, S_000001783712efb0;
 .timescale 0 0;
    .port_info 0 /INPUT 6 "OP";
    .port_info 1 /INPUT 6 "Funct";
    .port_info 2 /OUTPUT 1 "Jump";
    .port_info 3 /OUTPUT 1 "MemWrite";
    .port_info 4 /OUTPUT 1 "Branch";
    .port_info 5 /OUTPUT 1 "ULASrc";
    .port_info 6 /OUTPUT 1 "RegWrite";
    .port_info 7 /OUTPUT 1 "MemtoReg";
    .port_info 8 /OUTPUT 1 "RegDst";
    .port_info 9 /OUTPUT 3 "ULAControl";
v000001783726e420_0 .var "Branch", 0 0;
v000001783726e560_0 .net "Funct", 5 0, L_0000017837275780;  1 drivers
v000001783726ec40_0 .var "Jump", 0 0;
v000001783726e100_0 .var "MemWrite", 0 0;
v000001783726fa00_0 .var "MemtoReg", 0 0;
v000001783726ed80_0 .net "OP", 5 0, L_0000017837275c80;  1 drivers
v000001783726f820_0 .var "RegDst", 0 0;
v000001783726ece0_0 .var "RegWrite", 0 0;
v000001783726ee20_0 .var "ULAControl", 2 0;
v000001783726ef60_0 .var "ULASrc", 0 0;
E_00000178371aeb40 .event anyedge, v000001783726ed80_0, v000001783726e560_0;
S_00000178371de5e0 .scope module, "decod1" "decodificador" 4 66, 13 1 0, S_000001783712efb0;
 .timescale 0 0;
    .port_info 0 /INPUT 4 "SW";
    .port_info 1 /OUTPUT 7 "QQ";
P_00000178371af680 .param/l "N" 0 13 1, +C4<00000000000000000000000000000100>;
L_00000178371b9970 .functor NOT 7, v000001783726f8c0_0, C4<0000000>, C4<0000000>, C4<0000000>;
v000001783726f8c0_0 .var "HEX3", 0 6;
v000001783726f3c0_0 .net "QQ", 0 6, L_00000178371b9970;  alias, 1 drivers
v000001783726f5a0_0 .net "SW", 3 0, L_0000017837276e00;  1 drivers
E_00000178371aef80 .event anyedge, v000001783726f5a0_0;
S_00000178371de130 .scope module, "divisorD" "FreqDivisor" 4 68, 14 1 0, S_000001783712efb0;
 .timescale 0 0;
    .port_info 0 /INPUT 1 "CLOCK_50";
    .port_info 1 /OUTPUT 1 "LEDG";
P_00000178371af440 .param/l "BordaDeSubida" 0 14 1, +C4<00000000001001100010010110100000>;
v000001783726f960_0 .net "CLOCK_50", 0 0, o0000017837220a18;  alias, 0 drivers
v000001783726faa0_0 .var "LEDG", 0 0;
v000001783726ff00_0 .var "contador", 25 0;
E_00000178371aef00 .event posedge, v00000178371c6600_0;
S_00000178371dedb0 .scope module, "register" "RegisterFile" 4 92, 15 1 0, S_000001783712efb0;
 .timescale 0 0;
    .port_info 0 /INPUT 8 "wd3";
    .port_info 1 /INPUT 5 "wa3";
    .port_info 2 /INPUT 5 "ra1";
    .port_info 3 /INPUT 5 "ra2";
    .port_info 4 /INPUT 1 "we3";
    .port_info 5 /INPUT 1 "clk";
    .port_info 6 /INPUT 1 "rst";
    .port_info 7 /OUTPUT 8 "rd1";
    .port_info 8 /OUTPUT 8 "rd2";
    .port_info 9 /OUTPUT 8 "S0";
    .port_info 10 /OUTPUT 8 "S1";
    .port_info 11 /OUTPUT 8 "S2";
    .port_info 12 /OUTPUT 8 "S3";
    .port_info 13 /OUTPUT 8 "S4";
    .port_info 14 /OUTPUT 8 "S5";
    .port_info 15 /OUTPUT 8 "S6";
    .port_info 16 /OUTPUT 8 "S7";
P_00000178371af700 .param/l "N" 0 15 1, +C4<00000000000000000000000000001000>;
L_00000178371b94a0 .functor BUFZ 8, L_0000017837276540, C4<00000000>, C4<00000000>, C4<00000000>;
L_00000178371b9ba0 .functor BUFZ 8, L_0000017837275320, C4<00000000>, C4<00000000>, C4<00000000>;
v000001783726e060_0 .net "S0", 7 0, L_0000017837276ea0;  alias, 1 drivers
v000001783726e1a0_0 .net "S1", 7 0, L_0000017837276a40;  alias, 1 drivers
v00000178371c7aa0_0 .net "S2", 7 0, L_0000017837276b80;  alias, 1 drivers
v0000017837271d30_0 .net "S3", 7 0, L_00000178372762c0;  alias, 1 drivers
v0000017837270110_0 .net "S4", 7 0, L_0000017837276400;  alias, 1 drivers
v0000017837271470_0 .net "S5", 7 0, L_00000178372764a0;  alias, 1 drivers
v0000017837271bf0_0 .net "S6", 7 0, L_0000017837275140;  alias, 1 drivers
v0000017837271010_0 .net "S7", 7 0, L_0000017837275d20;  alias, 1 drivers
v0000017837271790_0 .net *"_ivl_17", 63 0, L_00000178372751e0;  1 drivers
v0000017837271c90_0 .net *"_ivl_19", 7 0, L_0000017837276540;  1 drivers
v00000178372701b0_0 .net *"_ivl_23", 7 0, L_0000017837275320;  1 drivers
v00000178372715b0_0 .net "clk", 0 0, v000001783726faa0_0;  alias, 1 drivers
v0000017837270070_0 .net "ra1", 4 0, L_0000017837275460;  1 drivers
v00000178372718d0_0 .net "ra2", 4 0, L_00000178372c64e0;  1 drivers
v00000178372713d0_0 .net "rd1", 7 0, L_00000178371b94a0;  alias, 1 drivers
v0000017837271510_0 .net "rd2", 7 0, L_00000178371b9ba0;  alias, 1 drivers
v0000017837270250 .array "registradores", 0 7, 7 0;
v0000017837271dd0_0 .net "rst", 0 0, L_00000178372c6260;  1 drivers
v0000017837271290_0 .net "wa3", 4 0, L_0000017837275dc0;  1 drivers
v0000017837271b50_0 .net "wd3", 7 0, v00000178371c7dc0_0;  alias, 1 drivers
v0000017837270bb0_0 .net "we3", 0 0, v000001783726ece0_0;  alias, 1 drivers
L_0000017837276ea0 .part L_00000178372751e0, 56, 8;
L_0000017837276a40 .part L_00000178372751e0, 48, 8;
L_0000017837276b80 .part L_00000178372751e0, 40, 8;
L_00000178372762c0 .part L_00000178372751e0, 32, 8;
L_0000017837276400 .part L_00000178372751e0, 24, 8;
L_00000178372764a0 .part L_00000178372751e0, 16, 8;
L_0000017837275140 .part L_00000178372751e0, 8, 8;
L_0000017837275d20 .part L_00000178372751e0, 0, 8;
v0000017837270250_7 .array/port v0000017837270250, 7;
v0000017837270250_6 .array/port v0000017837270250, 6;
v0000017837270250_5 .array/port v0000017837270250, 5;
v0000017837270250_4 .array/port v0000017837270250, 4;
LS_00000178372751e0_0_0 .concat [ 8 8 8 8], v0000017837270250_7, v0000017837270250_6, v0000017837270250_5, v0000017837270250_4;
v0000017837270250_3 .array/port v0000017837270250, 3;
v0000017837270250_2 .array/port v0000017837270250, 2;
v0000017837270250_1 .array/port v0000017837270250, 1;
v0000017837270250_0 .array/port v0000017837270250, 0;
LS_00000178372751e0_0_4 .concat [ 8 8 8 8], v0000017837270250_3, v0000017837270250_2, v0000017837270250_1, v0000017837270250_0;
L_00000178372751e0 .concat [ 32 32 0 0], LS_00000178372751e0_0_0, LS_00000178372751e0_0_4;
L_0000017837276540 .array/port v0000017837270250, L_0000017837275460;
L_0000017837275320 .array/port v0000017837270250, L_00000178372c64e0;
S_00000178371dec20 .scope module, "ula" "ULA" 4 101, 16 1 0, S_000001783712efb0;
 .timescale 0 0;
    .port_info 0 /INPUT 9 "SrcA";
    .port_info 1 /INPUT 9 "SrcB";
    .port_info 2 /INPUT 3 "ULAControl";
    .port_info 3 /OUTPUT 1 "Z";
    .port_info 4 /OUTPUT 9 "ULAResult";
v0000017837271650_0 .net "SrcA", 8 0, L_00000178372c6f80;  1 drivers
v0000017837270b10_0 .net "SrcB", 8 0, L_00000178372c5b80;  1 drivers
v0000017837270cf0_0 .net "ULAControl", 2 0, v000001783726ee20_0;  alias, 1 drivers
v0000017837271e70_0 .var "ULAResult", 8 0;
v00000178372707f0_0 .var "Z", 0 0;
E_00000178371af6c0 .event anyedge, v000001783726ee20_0, v0000017837271650_0, v0000017837270b10_0, v0000017837271e70_0;
    .scope S_000001783712ee20;
T_1 ;
Ewait_0 .event/or E_00000178371ad7c0, E_0x0;
    %wait Ewait_0;
    %load/vec4 v00000178371c6240_0;
    %dup/vec4;
    %pushi/vec4 0, 0, 8;
    %cmp/u;
    %jmp/1 T_1.0, 6;
    %dup/vec4;
    %pushi/vec4 1, 0, 8;
    %cmp/u;
    %jmp/1 T_1.1, 6;
    %dup/vec4;
    %pushi/vec4 2, 0, 8;
    %cmp/u;
    %jmp/1 T_1.2, 6;
    %dup/vec4;
    %pushi/vec4 3, 0, 8;
    %cmp/u;
    %jmp/1 T_1.3, 6;
    %dup/vec4;
    %pushi/vec4 4, 0, 8;
    %cmp/u;
    %jmp/1 T_1.4, 6;
    %dup/vec4;
    %pushi/vec4 5, 0, 8;
    %cmp/u;
    %jmp/1 T_1.5, 6;
    %dup/vec4;
    %pushi/vec4 6, 0, 8;
    %cmp/u;
    %jmp/1 T_1.6, 6;
    %pushi/vec4 4268066, 0, 32;
    %store/vec4 v00000178371c6ec0_0, 0, 32;
    %jmp T_1.8;
T_1.0 ;
    %pushi/vec4 536936451, 0, 32;
    %store/vec4 v00000178371c6ec0_0, 0, 32;
    %jmp T_1.8;
T_1.1 ;
    %pushi/vec4 537001993, 0, 32;
    %store/vec4 v00000178371c6ec0_0, 0, 32;
    %jmp T_1.8;
T_1.2 ;
    %pushi/vec4 2232352, 0, 32;
    %store/vec4 v00000178371c6ec0_0, 0, 32;
    %jmp T_1.8;
T_1.3 ;
    %pushi/vec4 2234404, 0, 32;
    %store/vec4 v00000178371c6ec0_0, 0, 32;
    %jmp T_1.8;
T_1.4 ;
    %pushi/vec4 2236453, 0, 32;
    %store/vec4 v00000178371c6ec0_0, 0, 32;
    %jmp T_1.8;
T_1.5 ;
    %pushi/vec4 2238503, 0, 32;
    %store/vec4 v00000178371c6ec0_0, 0, 32;
    %jmp T_1.8;
T_1.6 ;
    %pushi/vec4 10760234, 0, 32;
    %store/vec4 v00000178371c6ec0_0, 0, 32;
    %jmp T_1.8;
T_1.8 ;
    %pop/vec4 1;
    %jmp T_1;
    .thread T_1, $push;
    .scope S_0000017837177950;
T_2 ;
    %wait E_00000178371ae840;
    %load/vec4 v00000178371c6ba0_0;
    %nor/r;
    %flag_set/vec4 8;
    %jmp/0xz  T_2.0, 8;
    %pushi/vec4 0, 0, 1;
    %assign/vec4 v00000178371c7320_0, 0;
    %pushi/vec4 0, 0, 1;
    %assign/vec4 v00000178371c64c0_0, 0;
    %pushi/vec4 0, 0, 1;
    %assign/vec4 v00000178371c73c0_0, 0;
    %pushi/vec4 0, 0, 1;
    %assign/vec4 v00000178371c7280_0, 0;
    %pushi/vec4 0, 0, 5;
    %assign/vec4 v00000178371c69c0_0, 0;
    %pushi/vec4 0, 0, 2;
    %assign/vec4 v00000178371c7be0_0, 0;
    %jmp T_2.1;
T_2.0 ;
    %load/vec4 v00000178371c6e20_0;
    %assign/vec4 v00000178371c73c0_0, 0;
    %load/vec4 v00000178371c73c0_0;
    %load/vec4 v00000178371c6e20_0;
    %concat/vec4; draw_concat_vec4
    %cmpi/e 1, 0, 2;
    %jmp/0xz  T_2.2, 4;
    %pushi/vec4 1, 0, 1;
    %assign/vec4 v00000178371c7280_0, 0;
    %pushi/vec4 0, 0, 1;
    %assign/vec4 v00000178371c7320_0, 0;
T_2.2 ;
    %load/vec4 v00000178371c7280_0;
    %flag_set/vec4 8;
    %jmp/0xz  T_2.4, 8;
    %load/vec4 v00000178371c7be0_0;
    %dup/vec4;
    %pushi/vec4 0, 0, 2;
    %cmp/u;
    %jmp/1 T_2.6, 6;
    %dup/vec4;
    %pushi/vec4 1, 0, 2;
    %cmp/u;
    %jmp/1 T_2.7, 6;
    %dup/vec4;
    %pushi/vec4 2, 0, 2;
    %cmp/u;
    %jmp/1 T_2.8, 6;
    %dup/vec4;
    %pushi/vec4 3, 0, 2;
    %cmp/u;
    %jmp/1 T_2.9, 6;
    %jmp T_2.10;
T_2.6 ;
    %pushi/vec4 1, 0, 2;
    %assign/vec4 v00000178371c7be0_0, 0;
    %jmp T_2.10;
T_2.7 ;
    %pushi/vec4 1, 0, 1;
    %assign/vec4 v00000178371c64c0_0, 0;
    %pushi/vec4 2, 0, 2;
    %assign/vec4 v00000178371c7be0_0, 0;
    %jmp T_2.10;
T_2.8 ;
    %load/vec4 v00000178371c69c0_0;
    %pad/u 32;
    %cmpi/u 16, 0, 32;
    %jmp/0xz  T_2.11, 5;
    %load/vec4 v00000178371c69c0_0;
    %addi 1, 0, 5;
    %assign/vec4 v00000178371c69c0_0, 0;
    %jmp T_2.12;
T_2.11 ;
    %pushi/vec4 3, 0, 2;
    %assign/vec4 v00000178371c7be0_0, 0;
T_2.12 ;
    %jmp T_2.10;
T_2.9 ;
    %pushi/vec4 0, 0, 1;
    %assign/vec4 v00000178371c64c0_0, 0;
    %pushi/vec4 0, 0, 1;
    %assign/vec4 v00000178371c7280_0, 0;
    %pushi/vec4 1, 0, 1;
    %assign/vec4 v00000178371c7320_0, 0;
    %pushi/vec4 0, 0, 5;
    %assign/vec4 v00000178371c69c0_0, 0;
    %pushi/vec4 0, 0, 2;
    %assign/vec4 v00000178371c7be0_0, 0;
    %jmp T_2.10;
T_2.10 ;
    %pop/vec4 1;
T_2.4 ;
T_2.1 ;
    %jmp T_2;
    .thread T_2;
    .scope S_000001783713fd90;
T_3 ;
    %wait E_00000178371ae840;
    %load/vec4 v000001783726f1e0_0;
    %nor/r;
    %flag_set/vec4 8;
    %jmp/0xz  T_3.0, 8;
    %pushi/vec4 0, 0, 6;
    %assign/vec4 v00000178371a1280_0, 0;
    %pushi/vec4 0, 0, 6;
    %assign/vec4 v000001783726e600_0, 0;
    %pushi/vec4 0, 0, 18;
    %assign/vec4 v000001783726fd20_0, 0;
    %pushi/vec4 0, 0, 1;
    %assign/vec4 v000001783726e920_0, 0;
    %pushi/vec4 0, 0, 8;
    %assign/vec4 v000001783726f0a0_0, 0;
    %pushi/vec4 0, 0, 1;
    %assign/vec4 v000001783726e7e0_0, 0;
    %jmp T_3.1;
T_3.0 ;
    %load/vec4 v000001783726e600_0;
    %dup/vec4;
    %pushi/vec4 0, 0, 6;
    %cmp/u;
    %jmp/1 T_3.2, 6;
    %dup/vec4;
    %pushi/vec4 1, 0, 6;
    %cmp/u;
    %jmp/1 T_3.3, 6;
    %dup/vec4;
    %pushi/vec4 2, 0, 6;
    %cmp/u;
    %jmp/1 T_3.4, 6;
    %dup/vec4;
    %pushi/vec4 3, 0, 6;
    %cmp/u;
    %jmp/1 T_3.5, 6;
    %jmp T_3.6;
T_3.2 ;
    %load/vec4 v00000178371a0a60_0;
    %parti/s 8, 0, 2;
    %assign/vec4 v000001783726f0a0_0, 0;
    %load/vec4 v00000178371a0a60_0;
    %parti/s 1, 8, 5;
    %assign/vec4 v000001783726e7e0_0, 0;
    %pushi/vec4 1, 0, 1;
    %assign/vec4 v000001783726e920_0, 0;
    %pushi/vec4 1, 0, 6;
    %assign/vec4 v000001783726e600_0, 0;
    %jmp T_3.6;
T_3.3 ;
    %load/vec4 v000001783726f320_0;
    %flag_set/vec4 8;
    %jmp/0xz  T_3.7, 8;
    %pushi/vec4 0, 0, 1;
    %assign/vec4 v000001783726e920_0, 0;
    %pushi/vec4 2, 0, 6;
    %assign/vec4 v000001783726e600_0, 0;
T_3.7 ;
    %jmp T_3.6;
T_3.4 ;
    %load/vec4 v000001783726fd20_0;
    %cmpi/u 262142, 0, 18;
    %jmp/0xz  T_3.9, 5;
    %load/vec4 v000001783726fd20_0;
    %addi 1, 0, 18;
    %assign/vec4 v000001783726fd20_0, 0;
    %jmp T_3.10;
T_3.9 ;
    %pushi/vec4 0, 0, 18;
    %assign/vec4 v000001783726fd20_0, 0;
    %pushi/vec4 3, 0, 6;
    %assign/vec4 v000001783726e600_0, 0;
T_3.10 ;
    %jmp T_3.6;
T_3.5 ;
    %load/vec4 v00000178371a1280_0;
    %pad/u 36;
    %cmpi/u 37, 0, 36;
    %jmp/0xz  T_3.11, 5;
    %load/vec4 v00000178371a1280_0;
    %addi 1, 0, 6;
    %assign/vec4 v00000178371a1280_0, 0;
    %jmp T_3.12;
T_3.11 ;
    %pushi/vec4 4, 0, 6;
    %assign/vec4 v00000178371a1280_0, 0;
T_3.12 ;
    %pushi/vec4 0, 0, 6;
    %assign/vec4 v000001783726e600_0, 0;
    %jmp T_3.6;
T_3.6 ;
    %pop/vec4 1;
T_3.1 ;
    %jmp T_3;
    .thread T_3;
    .scope S_000001783713fd90;
T_4 ;
    %wait E_00000178371ae280;
    %load/vec4 v00000178371a1280_0;
    %dup/vec4;
    %pushi/vec4 0, 0, 6;
    %cmp/u;
    %jmp/1 T_4.0, 6;
    %dup/vec4;
    %pushi/vec4 1, 0, 6;
    %cmp/u;
    %jmp/1 T_4.1, 6;
    %dup/vec4;
    %pushi/vec4 2, 0, 6;
    %cmp/u;
    %jmp/1 T_4.2, 6;
    %dup/vec4;
    %pushi/vec4 3, 0, 6;
    %cmp/u;
    %jmp/1 T_4.3, 6;
    %dup/vec4;
    %pushi/vec4 4, 0, 6;
    %cmp/u;
    %jmp/1 T_4.4, 6;
    %dup/vec4;
    %pushi/vec4 5, 0, 6;
    %cmp/u;
    %jmp/1 T_4.5, 6;
    %dup/vec4;
    %pushi/vec4 6, 0, 6;
    %cmp/u;
    %jmp/1 T_4.6, 6;
    %dup/vec4;
    %pushi/vec4 7, 0, 6;
    %cmp/u;
    %jmp/1 T_4.7, 6;
    %dup/vec4;
    %pushi/vec4 8, 0, 6;
    %cmp/u;
    %jmp/1 T_4.8, 6;
    %dup/vec4;
    %pushi/vec4 9, 0, 6;
    %cmp/u;
    %jmp/1 T_4.9, 6;
    %dup/vec4;
    %pushi/vec4 10, 0, 6;
    %cmp/u;
    %jmp/1 T_4.10, 6;
    %dup/vec4;
    %pushi/vec4 11, 0, 6;
    %cmp/u;
    %jmp/1 T_4.11, 6;
    %dup/vec4;
    %pushi/vec4 12, 0, 6;
    %cmp/u;
    %jmp/1 T_4.12, 6;
    %dup/vec4;
    %pushi/vec4 13, 0, 6;
    %cmp/u;
    %jmp/1 T_4.13, 6;
    %dup/vec4;
    %pushi/vec4 14, 0, 6;
    %cmp/u;
    %jmp/1 T_4.14, 6;
    %dup/vec4;
    %pushi/vec4 15, 0, 6;
    %cmp/u;
    %jmp/1 T_4.15, 6;
    %dup/vec4;
    %pushi/vec4 16, 0, 6;
    %cmp/u;
    %jmp/1 T_4.16, 6;
    %dup/vec4;
    %pushi/vec4 17, 0, 6;
    %cmp/u;
    %jmp/1 T_4.17, 6;
    %dup/vec4;
    %pushi/vec4 18, 0, 6;
    %cmp/u;
    %jmp/1 T_4.18, 6;
    %dup/vec4;
    %pushi/vec4 19, 0, 6;
    %cmp/u;
    %jmp/1 T_4.19, 6;
    %dup/vec4;
    %pushi/vec4 20, 0, 6;
    %cmp/u;
    %jmp/1 T_4.20, 6;
    %dup/vec4;
    %pushi/vec4 21, 0, 6;
    %cmp/u;
    %jmp/1 T_4.21, 6;
    %dup/vec4;
    %pushi/vec4 22, 0, 6;
    %cmp/u;
    %jmp/1 T_4.22, 6;
    %dup/vec4;
    %pushi/vec4 23, 0, 6;
    %cmp/u;
    %jmp/1 T_4.23, 6;
    %dup/vec4;
    %pushi/vec4 24, 0, 6;
    %cmp/u;
    %jmp/1 T_4.24, 6;
    %dup/vec4;
    %pushi/vec4 25, 0, 6;
    %cmp/u;
    %jmp/1 T_4.25, 6;
    %dup/vec4;
    %pushi/vec4 26, 0, 6;
    %cmp/u;
    %jmp/1 T_4.26, 6;
    %dup/vec4;
    %pushi/vec4 27, 0, 6;
    %cmp/u;
    %jmp/1 T_4.27, 6;
    %dup/vec4;
    %pushi/vec4 28, 0, 6;
    %cmp/u;
    %jmp/1 T_4.28, 6;
    %dup/vec4;
    %pushi/vec4 29, 0, 6;
    %cmp/u;
    %jmp/1 T_4.29, 6;
    %dup/vec4;
    %pushi/vec4 30, 0, 6;
    %cmp/u;
    %jmp/1 T_4.30, 6;
    %dup/vec4;
    %pushi/vec4 31, 0, 6;
    %cmp/u;
    %jmp/1 T_4.31, 6;
    %dup/vec4;
    %pushi/vec4 32, 0, 6;
    %cmp/u;
    %jmp/1 T_4.32, 6;
    %dup/vec4;
    %pushi/vec4 33, 0, 6;
    %cmp/u;
    %jmp/1 T_4.33, 6;
    %dup/vec4;
    %pushi/vec4 34, 0, 6;
    %cmp/u;
    %jmp/1 T_4.34, 6;
    %dup/vec4;
    %pushi/vec4 35, 0, 6;
    %cmp/u;
    %jmp/1 T_4.35, 6;
    %dup/vec4;
    %pushi/vec4 36, 0, 6;
    %cmp/u;
    %jmp/1 T_4.36, 6;
    %dup/vec4;
    %pushi/vec4 37, 0, 6;
    %cmp/u;
    %jmp/1 T_4.37, 6;
    %pushi/vec4 288, 0, 9;
    %assign/vec4 v00000178371a0a60_0, 0;
    %jmp T_4.39;
T_4.0 ;
    %pushi/vec4 56, 0, 9;
    %assign/vec4 v00000178371a0a60_0, 0;
    %jmp T_4.39;
T_4.1 ;
    %pushi/vec4 12, 0, 9;
    %assign/vec4 v00000178371a0a60_0, 0;
    %jmp T_4.39;
T_4.2 ;
    %pushi/vec4 1, 0, 9;
    %assign/vec4 v00000178371a0a60_0, 0;
    %jmp T_4.39;
T_4.3 ;
    %pushi/vec4 6, 0, 9;
    %assign/vec4 v00000178371a0a60_0, 0;
    %jmp T_4.39;
T_4.4 ;
    %pushi/vec4 128, 0, 9;
    %assign/vec4 v00000178371a0a60_0, 0;
    %jmp T_4.39;
T_4.5 ;
    %load/vec4 v00000178371a1140_0;
    %parti/s 4, 4, 4;
    %store/vec4 v00000178371c67e0_0, 0, 4;
    %callf/vec4 TD_Mod_Teste.MyLCD.hex2char, S_000001783713ff20;
    %assign/vec4 v00000178371a0a60_0, 0;
    %jmp T_4.39;
T_4.6 ;
    %load/vec4 v00000178371a1140_0;
    %parti/s 4, 0, 2;
    %store/vec4 v00000178371c67e0_0, 0, 4;
    %callf/vec4 TD_Mod_Teste.MyLCD.hex2char, S_000001783713ff20;
    %assign/vec4 v00000178371a0a60_0, 0;
    %jmp T_4.39;
T_4.7 ;
    %pushi/vec4 288, 0, 9;
    %assign/vec4 v00000178371a0a60_0, 0;
    %jmp T_4.39;
T_4.8 ;
    %load/vec4 v00000178371a0ba0_0;
    %parti/s 4, 4, 4;
    %store/vec4 v00000178371c67e0_0, 0, 4;
    %callf/vec4 TD_Mod_Teste.MyLCD.hex2char, S_000001783713ff20;
    %assign/vec4 v00000178371a0a60_0, 0;
    %jmp T_4.39;
T_4.9 ;
    %load/vec4 v00000178371a0ba0_0;
    %parti/s 4, 0, 2;
    %store/vec4 v00000178371c67e0_0, 0, 4;
    %callf/vec4 TD_Mod_Teste.MyLCD.hex2char, S_000001783713ff20;
    %assign/vec4 v00000178371a0a60_0, 0;
    %jmp T_4.39;
T_4.10 ;
    %pushi/vec4 288, 0, 9;
    %assign/vec4 v00000178371a0a60_0, 0;
    %jmp T_4.39;
T_4.11 ;
    %load/vec4 v00000178371a0ec0_0;
    %parti/s 4, 4, 4;
    %store/vec4 v00000178371c67e0_0, 0, 4;
    %callf/vec4 TD_Mod_Teste.MyLCD.hex2char, S_000001783713ff20;
    %assign/vec4 v00000178371a0a60_0, 0;
    %jmp T_4.39;
T_4.12 ;
    %load/vec4 v00000178371a0ec0_0;
    %parti/s 4, 0, 2;
    %store/vec4 v00000178371c67e0_0, 0, 4;
    %callf/vec4 TD_Mod_Teste.MyLCD.hex2char, S_000001783713ff20;
    %assign/vec4 v00000178371a0a60_0, 0;
    %jmp T_4.39;
T_4.13 ;
    %pushi/vec4 288, 0, 9;
    %assign/vec4 v00000178371a0a60_0, 0;
    %jmp T_4.39;
T_4.14 ;
    %load/vec4 v00000178371a1000_0;
    %parti/s 4, 4, 4;
    %store/vec4 v00000178371c67e0_0, 0, 4;
    %callf/vec4 TD_Mod_Teste.MyLCD.hex2char, S_000001783713ff20;
    %assign/vec4 v00000178371a0a60_0, 0;
    %jmp T_4.39;
T_4.15 ;
    %load/vec4 v00000178371a1000_0;
    %parti/s 4, 0, 2;
    %store/vec4 v00000178371c67e0_0, 0, 4;
    %callf/vec4 TD_Mod_Teste.MyLCD.hex2char, S_000001783713ff20;
    %assign/vec4 v00000178371a0a60_0, 0;
    %jmp T_4.39;
T_4.16 ;
    %pushi/vec4 288, 0, 9;
    %assign/vec4 v00000178371a0a60_0, 0;
    %jmp T_4.39;
T_4.17 ;
    %load/vec4 v00000178371a1320_0;
    %parti/s 4, 4, 4;
    %store/vec4 v00000178371c67e0_0, 0, 4;
    %callf/vec4 TD_Mod_Teste.MyLCD.hex2char, S_000001783713ff20;
    %assign/vec4 v00000178371a0a60_0, 0;
    %jmp T_4.39;
T_4.18 ;
    %load/vec4 v00000178371a1320_0;
    %parti/s 4, 0, 2;
    %store/vec4 v00000178371c67e0_0, 0, 4;
    %callf/vec4 TD_Mod_Teste.MyLCD.hex2char, S_000001783713ff20;
    %assign/vec4 v00000178371a0a60_0, 0;
    %jmp T_4.39;
T_4.19 ;
    %pushi/vec4 288, 0, 9;
    %assign/vec4 v00000178371a0a60_0, 0;
    %jmp T_4.39;
T_4.20 ;
    %load/vec4 v00000178371a0ce0_0;
    %parti/s 4, 0, 2;
    %store/vec4 v00000178371c67e0_0, 0, 4;
    %callf/vec4 TD_Mod_Teste.MyLCD.hex2char, S_000001783713ff20;
    %assign/vec4 v00000178371a0a60_0, 0;
    %jmp T_4.39;
T_4.21 ;
    %pushi/vec4 192, 0, 9;
    %assign/vec4 v00000178371a0a60_0, 0;
    %jmp T_4.39;
T_4.22 ;
    %load/vec4 v00000178371a13c0_0;
    %parti/s 4, 4, 4;
    %store/vec4 v00000178371c67e0_0, 0, 4;
    %callf/vec4 TD_Mod_Teste.MyLCD.hex2char, S_000001783713ff20;
    %assign/vec4 v00000178371a0a60_0, 0;
    %jmp T_4.39;
T_4.23 ;
    %load/vec4 v00000178371a13c0_0;
    %parti/s 4, 0, 2;
    %store/vec4 v00000178371c67e0_0, 0, 4;
    %callf/vec4 TD_Mod_Teste.MyLCD.hex2char, S_000001783713ff20;
    %assign/vec4 v00000178371a0a60_0, 0;
    %jmp T_4.39;
T_4.24 ;
    %pushi/vec4 288, 0, 9;
    %assign/vec4 v00000178371a0a60_0, 0;
    %jmp T_4.39;
T_4.25 ;
    %load/vec4 v00000178371a1460_0;
    %parti/s 4, 4, 4;
    %store/vec4 v00000178371c67e0_0, 0, 4;
    %callf/vec4 TD_Mod_Teste.MyLCD.hex2char, S_000001783713ff20;
    %assign/vec4 v00000178371a0a60_0, 0;
    %jmp T_4.39;
T_4.26 ;
    %load/vec4 v00000178371a1460_0;
    %parti/s 4, 0, 2;
    %store/vec4 v00000178371c67e0_0, 0, 4;
    %callf/vec4 TD_Mod_Teste.MyLCD.hex2char, S_000001783713ff20;
    %assign/vec4 v00000178371a0a60_0, 0;
    %jmp T_4.39;
T_4.27 ;
    %pushi/vec4 288, 0, 9;
    %assign/vec4 v00000178371a0a60_0, 0;
    %jmp T_4.39;
T_4.28 ;
    %load/vec4 v00000178371a1500_0;
    %parti/s 4, 4, 4;
    %store/vec4 v00000178371c67e0_0, 0, 4;
    %callf/vec4 TD_Mod_Teste.MyLCD.hex2char, S_000001783713ff20;
    %assign/vec4 v00000178371a0a60_0, 0;
    %jmp T_4.39;
T_4.29 ;
    %load/vec4 v00000178371a1500_0;
    %parti/s 4, 0, 2;
    %store/vec4 v00000178371c67e0_0, 0, 4;
    %callf/vec4 TD_Mod_Teste.MyLCD.hex2char, S_000001783713ff20;
    %assign/vec4 v00000178371a0a60_0, 0;
    %jmp T_4.39;
T_4.30 ;
    %pushi/vec4 288, 0, 9;
    %assign/vec4 v00000178371a0a60_0, 0;
    %jmp T_4.39;
T_4.31 ;
    %load/vec4 v00000178371a15a0_0;
    %parti/s 4, 4, 4;
    %store/vec4 v00000178371c67e0_0, 0, 4;
    %callf/vec4 TD_Mod_Teste.MyLCD.hex2char, S_000001783713ff20;
    %assign/vec4 v00000178371a0a60_0, 0;
    %jmp T_4.39;
T_4.32 ;
    %load/vec4 v00000178371a15a0_0;
    %parti/s 4, 0, 2;
    %store/vec4 v00000178371c67e0_0, 0, 4;
    %callf/vec4 TD_Mod_Teste.MyLCD.hex2char, S_000001783713ff20;
    %assign/vec4 v00000178371a0a60_0, 0;
    %jmp T_4.39;
T_4.33 ;
    %pushi/vec4 288, 0, 9;
    %assign/vec4 v00000178371a0a60_0, 0;
    %jmp T_4.39;
T_4.34 ;
    %load/vec4 v00000178371b2cb0_0;
    %parti/s 4, 4, 4;
    %store/vec4 v00000178371c67e0_0, 0, 4;
    %callf/vec4 TD_Mod_Teste.MyLCD.hex2char, S_000001783713ff20;
    %assign/vec4 v00000178371a0a60_0, 0;
    %jmp T_4.39;
T_4.35 ;
    %load/vec4 v00000178371b2cb0_0;
    %parti/s 4, 0, 2;
    %store/vec4 v00000178371c67e0_0, 0, 4;
    %callf/vec4 TD_Mod_Teste.MyLCD.hex2char, S_000001783713ff20;
    %assign/vec4 v00000178371a0a60_0, 0;
    %jmp T_4.39;
T_4.36 ;
    %pushi/vec4 288, 0, 9;
    %assign/vec4 v00000178371a0a60_0, 0;
    %jmp T_4.39;
T_4.37 ;
    %load/vec4 v00000178371b3ed0_0;
    %parti/s 4, 0, 2;
    %store/vec4 v00000178371c67e0_0, 0, 4;
    %callf/vec4 TD_Mod_Teste.MyLCD.hex2char, S_000001783713ff20;
    %assign/vec4 v00000178371a0a60_0, 0;
    %jmp T_4.39;
T_4.39 ;
    %pop/vec4 1;
    %jmp T_4;
    .thread T_4, $push;
    .scope S_00000178371de5e0;
T_5 ;
Ewait_1 .event/or E_00000178371aef80, E_0x0;
    %wait Ewait_1;
    %load/vec4 v000001783726f5a0_0;
    %dup/vec4;
    %pushi/vec4 0, 0, 4;
    %cmp/u;
    %jmp/1 T_5.0, 6;
    %dup/vec4;
    %pushi/vec4 1, 0, 4;
    %cmp/u;
    %jmp/1 T_5.1, 6;
    %dup/vec4;
    %pushi/vec4 2, 0, 4;
    %cmp/u;
    %jmp/1 T_5.2, 6;
    %dup/vec4;
    %pushi/vec4 3, 0, 4;
    %cmp/u;
    %jmp/1 T_5.3, 6;
    %dup/vec4;
    %pushi/vec4 4, 0, 4;
    %cmp/u;
    %jmp/1 T_5.4, 6;
    %dup/vec4;
    %pushi/vec4 5, 0, 4;
    %cmp/u;
    %jmp/1 T_5.5, 6;
    %dup/vec4;
    %pushi/vec4 6, 0, 4;
    %cmp/u;
    %jmp/1 T_5.6, 6;
    %dup/vec4;
    %pushi/vec4 7, 0, 4;
    %cmp/u;
    %jmp/1 T_5.7, 6;
    %dup/vec4;
    %pushi/vec4 8, 0, 4;
    %cmp/u;
    %jmp/1 T_5.8, 6;
    %dup/vec4;
    %pushi/vec4 9, 0, 4;
    %cmp/u;
    %jmp/1 T_5.9, 6;
    %dup/vec4;
    %pushi/vec4 10, 0, 4;
    %cmp/u;
    %jmp/1 T_5.10, 6;
    %dup/vec4;
    %pushi/vec4 11, 0, 4;
    %cmp/u;
    %jmp/1 T_5.11, 6;
    %dup/vec4;
    %pushi/vec4 12, 0, 4;
    %cmp/u;
    %jmp/1 T_5.12, 6;
    %dup/vec4;
    %pushi/vec4 13, 0, 4;
    %cmp/u;
    %jmp/1 T_5.13, 6;
    %dup/vec4;
    %pushi/vec4 14, 0, 4;
    %cmp/u;
    %jmp/1 T_5.14, 6;
    %dup/vec4;
    %pushi/vec4 15, 0, 4;
    %cmp/u;
    %jmp/1 T_5.15, 6;
    %pushi/vec4 0, 0, 7;
    %store/vec4 v000001783726f8c0_0, 0, 7;
    %jmp T_5.17;
T_5.0 ;
    %pushi/vec4 126, 0, 7;
    %store/vec4 v000001783726f8c0_0, 0, 7;
    %jmp T_5.17;
T_5.1 ;
    %pushi/vec4 48, 0, 7;
    %store/vec4 v000001783726f8c0_0, 0, 7;
    %jmp T_5.17;
T_5.2 ;
    %pushi/vec4 109, 0, 7;
    %store/vec4 v000001783726f8c0_0, 0, 7;
    %jmp T_5.17;
T_5.3 ;
    %pushi/vec4 121, 0, 7;
    %store/vec4 v000001783726f8c0_0, 0, 7;
    %jmp T_5.17;
T_5.4 ;
    %pushi/vec4 51, 0, 7;
    %store/vec4 v000001783726f8c0_0, 0, 7;
    %jmp T_5.17;
T_5.5 ;
    %pushi/vec4 91, 0, 7;
    %store/vec4 v000001783726f8c0_0, 0, 7;
    %jmp T_5.17;
T_5.6 ;
    %pushi/vec4 95, 0, 7;
    %store/vec4 v000001783726f8c0_0, 0, 7;
    %jmp T_5.17;
T_5.7 ;
    %pushi/vec4 112, 0, 7;
    %store/vec4 v000001783726f8c0_0, 0, 7;
    %jmp T_5.17;
T_5.8 ;
    %pushi/vec4 127, 0, 7;
    %store/vec4 v000001783726f8c0_0, 0, 7;
    %jmp T_5.17;
T_5.9 ;
    %pushi/vec4 123, 0, 7;
    %store/vec4 v000001783726f8c0_0, 0, 7;
    %jmp T_5.17;
T_5.10 ;
    %pushi/vec4 119, 0, 7;
    %store/vec4 v000001783726f8c0_0, 0, 7;
    %jmp T_5.17;
T_5.11 ;
    %pushi/vec4 31, 0, 7;
    %store/vec4 v000001783726f8c0_0, 0, 7;
    %jmp T_5.17;
T_5.12 ;
    %pushi/vec4 78, 0, 7;
    %store/vec4 v000001783726f8c0_0, 0, 7;
    %jmp T_5.17;
T_5.13 ;
    %pushi/vec4 61, 0, 7;
    %store/vec4 v000001783726f8c0_0, 0, 7;
    %jmp T_5.17;
T_5.14 ;
    %pushi/vec4 79, 0, 7;
    %store/vec4 v000001783726f8c0_0, 0, 7;
    %jmp T_5.17;
T_5.15 ;
    %pushi/vec4 71, 0, 7;
    %store/vec4 v000001783726f8c0_0, 0, 7;
    %jmp T_5.17;
T_5.17 ;
    %pop/vec4 1;
    %jmp T_5;
    .thread T_5, $push;
    .scope S_00000178371de130;
T_6 ;
    %pushi/vec4 0, 0, 26;
    %store/vec4 v000001783726ff00_0, 0, 26;
    %end;
    .thread T_6, $init;
    .scope S_00000178371de130;
T_7 ;
    %wait E_00000178371aef00;
    %load/vec4 v000001783726ff00_0;
    %pad/u 32;
    %cmpi/e 2500000, 0, 32;
    %jmp/0xz  T_7.0, 4;
    %load/vec4 v000001783726faa0_0;
    %inv;
    %store/vec4 v000001783726faa0_0, 0, 1;
    %pushi/vec4 0, 0, 26;
    %store/vec4 v000001783726ff00_0, 0, 26;
    %jmp T_7.1;
T_7.0 ;
    %load/vec4 v000001783726ff00_0;
    %addi 1, 0, 26;
    %store/vec4 v000001783726ff00_0, 0, 26;
T_7.1 ;
    %jmp T_7;
    .thread T_7;
    .scope S_000001783713edd0;
T_8 ;
    %wait E_00000178371adcc0;
    %load/vec4 v00000178371c6b00_0;
    %dup/vec4;
    %pushi/vec4 0, 0, 1;
    %cmp/u;
    %jmp/1 T_8.0, 6;
    %dup/vec4;
    %pushi/vec4 1, 0, 1;
    %cmp/u;
    %jmp/1 T_8.1, 6;
    %pushi/vec4 0, 0, 8;
    %store/vec4 v00000178371c7140_0, 0, 8;
    %jmp T_8.3;
T_8.0 ;
    %load/vec4 v00000178371c6060_0;
    %store/vec4 v00000178371c7140_0, 0, 8;
    %jmp T_8.3;
T_8.1 ;
    %load/vec4 v00000178371c7a00_0;
    %store/vec4 v00000178371c7140_0, 0, 8;
    %jmp T_8.3;
T_8.3 ;
    %pop/vec4 1;
    %jmp T_8;
    .thread T_8, $push;
    .scope S_000001783713ec40;
T_9 ;
    %wait E_00000178371ae4c0;
    %load/vec4 v00000178371c5fc0_0;
    %dup/vec4;
    %pushi/vec4 0, 0, 1;
    %cmp/u;
    %jmp/1 T_9.0, 6;
    %dup/vec4;
    %pushi/vec4 1, 0, 1;
    %cmp/u;
    %jmp/1 T_9.1, 6;
    %pushi/vec4 0, 0, 8;
    %store/vec4 v00000178371c7000_0, 0, 8;
    %jmp T_9.3;
T_9.0 ;
    %load/vec4 v00000178371c7960_0;
    %store/vec4 v00000178371c7000_0, 0, 8;
    %jmp T_9.3;
T_9.1 ;
    %load/vec4 v00000178371c7780_0;
    %store/vec4 v00000178371c7000_0, 0, 8;
    %jmp T_9.3;
T_9.3 ;
    %pop/vec4 1;
    %jmp T_9;
    .thread T_9, $push;
    .scope S_000001783714f470;
T_10 ;
    %wait E_00000178371ae800;
    %load/vec4 v000001783726e9c0_0;
    %nor/r;
    %flag_set/vec4 8;
    %jmp/0xz  T_10.0, 8;
    %pushi/vec4 0, 0, 8;
    %assign/vec4 v000001783726f460_0, 0;
    %jmp T_10.1;
T_10.0 ;
    %load/vec4 v000001783726f780_0;
    %assign/vec4 v000001783726f460_0, 0;
T_10.1 ;
    %jmp T_10;
    .thread T_10;
    .scope S_00000178371de450;
T_11 ;
    %wait E_00000178371af3c0;
    %load/vec4 v000001783726f6e0_0;
    %addi 1, 0, 8;
    %store/vec4 v000001783726eba0_0, 0, 8;
    %jmp T_11;
    .thread T_11, $push;
    .scope S_000001783714f2e0;
T_12 ;
    %wait E_00000178371ae800;
    %load/vec4 v000001783726f140_0;
    %flag_set/vec4 8;
    %jmp/0xz  T_12.0, 8;
    %load/vec4 v000001783726fc80_0;
    %assign/vec4 v000001783726f640_0, 0;
T_12.0 ;
    %jmp T_12;
    .thread T_12;
    .scope S_0000017837131810;
T_13 ;
    %wait E_00000178371ada80;
    %load/vec4 v00000178371c6740_0;
    %dup/vec4;
    %pushi/vec4 0, 0, 1;
    %cmp/u;
    %jmp/1 T_13.0, 6;
    %dup/vec4;
    %pushi/vec4 1, 0, 1;
    %cmp/u;
    %jmp/1 T_13.1, 6;
    %pushi/vec4 0, 0, 8;
    %store/vec4 v00000178371c7dc0_0, 0, 8;
    %jmp T_13.3;
T_13.0 ;
    %load/vec4 v00000178371c76e0_0;
    %store/vec4 v00000178371c7dc0_0, 0, 8;
    %jmp T_13.3;
T_13.1 ;
    %load/vec4 v00000178371c7d20_0;
    %store/vec4 v00000178371c7dc0_0, 0, 8;
    %jmp T_13.3;
T_13.3 ;
    %pop/vec4 1;
    %jmp T_13;
    .thread T_13, $push;
    .scope S_00000178371de2c0;
T_14 ;
    %wait E_00000178371aeb40;
    %load/vec4 v000001783726ed80_0;
    %load/vec4 v000001783726e560_0;
    %concat/vec4; draw_concat_vec4
    %dup/vec4;
    %pushi/vec4 32, 0, 12;
    %cmp/x;
    %jmp/1 T_14.0, 4;
    %dup/vec4;
    %pushi/vec4 34, 0, 12;
    %cmp/x;
    %jmp/1 T_14.1, 4;
    %dup/vec4;
    %pushi/vec4 36, 0, 12;
    %cmp/x;
    %jmp/1 T_14.2, 4;
    %dup/vec4;
    %pushi/vec4 37, 0, 12;
    %cmp/x;
    %jmp/1 T_14.3, 4;
    %dup/vec4;
    %pushi/vec4 39, 0, 12;
    %cmp/x;
    %jmp/1 T_14.4, 4;
    %dup/vec4;
    %pushi/vec4 42, 0, 12;
    %cmp/x;
    %jmp/1 T_14.5, 4;
    %dup/vec4;
    %pushi/vec4 38, 0, 12;
    %cmp/x;
    %jmp/1 T_14.6, 4;
    %dup/vec4;
    %pushi/vec4 575, 63, 12;
    %cmp/x;
    %jmp/1 T_14.7, 4;
    %dup/vec4;
    %pushi/vec4 2303, 63, 12;
    %cmp/x;
    %jmp/1 T_14.8, 4;
    %dup/vec4;
    %pushi/vec4 2815, 63, 12;
    %cmp/x;
    %jmp/1 T_14.9, 4;
    %dup/vec4;
    %pushi/vec4 319, 63, 12;
    %cmp/x;
    %jmp/1 T_14.10, 4;
    %dup/vec4;
    %pushi/vec4 191, 63, 12;
    %cmp/x;
    %jmp/1 T_14.11, 4;
    %dup/vec4;
    %pushi/vec4 831, 63, 12;
    %cmp/x;
    %jmp/1 T_14.12, 4;
    %dup/vec4;
    %pushi/vec4 895, 63, 12;
    %cmp/x;
    %jmp/1 T_14.13, 4;
    %dup/vec4;
    %pushi/vec4 959, 63, 12;
    %cmp/x;
    %jmp/1 T_14.14, 4;
    %pushi/vec4 1023, 0, 10;
    %split/vec4 1;
    %store/vec4 v000001783726ec40_0, 0, 1;
    %split/vec4 1;
    %store/vec4 v000001783726fa00_0, 0, 1;
    %split/vec4 1;
    %store/vec4 v000001783726e100_0, 0, 1;
    %split/vec4 1;
    %store/vec4 v000001783726e420_0, 0, 1;
    %split/vec4 3;
    %store/vec4 v000001783726ee20_0, 0, 3;
    %split/vec4 1;
    %store/vec4 v000001783726ef60_0, 0, 1;
    %split/vec4 1;
    %store/vec4 v000001783726f820_0, 0, 1;
    %store/vec4 v000001783726ece0_0, 0, 1;
    %jmp T_14.16;
T_14.0 ;
    %pushi/vec4 800, 0, 10;
    %split/vec4 1;
    %store/vec4 v000001783726ec40_0, 0, 1;
    %split/vec4 1;
    %store/vec4 v000001783726fa00_0, 0, 1;
    %split/vec4 1;
    %store/vec4 v000001783726e100_0, 0, 1;
    %split/vec4 1;
    %store/vec4 v000001783726e420_0, 0, 1;
    %split/vec4 3;
    %store/vec4 v000001783726ee20_0, 0, 3;
    %split/vec4 1;
    %store/vec4 v000001783726ef60_0, 0, 1;
    %split/vec4 1;
    %store/vec4 v000001783726f820_0, 0, 1;
    %store/vec4 v000001783726ece0_0, 0, 1;
    %jmp T_14.16;
T_14.1 ;
    %pushi/vec4 864, 0, 10;
    %split/vec4 1;
    %store/vec4 v000001783726ec40_0, 0, 1;
    %split/vec4 1;
    %store/vec4 v000001783726fa00_0, 0, 1;
    %split/vec4 1;
    %store/vec4 v000001783726e100_0, 0, 1;
    %split/vec4 1;
    %store/vec4 v000001783726e420_0, 0, 1;
    %split/vec4 3;
    %store/vec4 v000001783726ee20_0, 0, 3;
    %split/vec4 1;
    %store/vec4 v000001783726ef60_0, 0, 1;
    %split/vec4 1;
    %store/vec4 v000001783726f820_0, 0, 1;
    %store/vec4 v000001783726ece0_0, 0, 1;
    %jmp T_14.16;
T_14.2 ;
    %pushi/vec4 768, 0, 10;
    %split/vec4 1;
    %store/vec4 v000001783726ec40_0, 0, 1;
    %split/vec4 1;
    %store/vec4 v000001783726fa00_0, 0, 1;
    %split/vec4 1;
    %store/vec4 v000001783726e100_0, 0, 1;
    %split/vec4 1;
    %store/vec4 v000001783726e420_0, 0, 1;
    %split/vec4 3;
    %store/vec4 v000001783726ee20_0, 0, 3;
    %split/vec4 1;
    %store/vec4 v000001783726ef60_0, 0, 1;
    %split/vec4 1;
    %store/vec4 v000001783726f820_0, 0, 1;
    %store/vec4 v000001783726ece0_0, 0, 1;
    %jmp T_14.16;
T_14.3 ;
    %pushi/vec4 784, 0, 10;
    %split/vec4 1;
    %store/vec4 v000001783726ec40_0, 0, 1;
    %split/vec4 1;
    %store/vec4 v000001783726fa00_0, 0, 1;
    %split/vec4 1;
    %store/vec4 v000001783726e100_0, 0, 1;
    %split/vec4 1;
    %store/vec4 v000001783726e420_0, 0, 1;
    %split/vec4 3;
    %store/vec4 v000001783726ee20_0, 0, 3;
    %split/vec4 1;
    %store/vec4 v000001783726ef60_0, 0, 1;
    %split/vec4 1;
    %store/vec4 v000001783726f820_0, 0, 1;
    %store/vec4 v000001783726ece0_0, 0, 1;
    %jmp T_14.16;
T_14.4 ;
    %pushi/vec4 816, 0, 10;
    %split/vec4 1;
    %store/vec4 v000001783726ec40_0, 0, 1;
    %split/vec4 1;
    %store/vec4 v000001783726fa00_0, 0, 1;
    %split/vec4 1;
    %store/vec4 v000001783726e100_0, 0, 1;
    %split/vec4 1;
    %store/vec4 v000001783726e420_0, 0, 1;
    %split/vec4 3;
    %store/vec4 v000001783726ee20_0, 0, 3;
    %split/vec4 1;
    %store/vec4 v000001783726ef60_0, 0, 1;
    %split/vec4 1;
    %store/vec4 v000001783726f820_0, 0, 1;
    %store/vec4 v000001783726ece0_0, 0, 1;
    %jmp T_14.16;
T_14.5 ;
    %pushi/vec4 880, 0, 10;
    %split/vec4 1;
    %store/vec4 v000001783726ec40_0, 0, 1;
    %split/vec4 1;
    %store/vec4 v000001783726fa00_0, 0, 1;
    %split/vec4 1;
    %store/vec4 v000001783726e100_0, 0, 1;
    %split/vec4 1;
    %store/vec4 v000001783726e420_0, 0, 1;
    %split/vec4 3;
    %store/vec4 v000001783726ee20_0, 0, 3;
    %split/vec4 1;
    %store/vec4 v000001783726ef60_0, 0, 1;
    %split/vec4 1;
    %store/vec4 v000001783726f820_0, 0, 1;
    %store/vec4 v000001783726ece0_0, 0, 1;
    %jmp T_14.16;
T_14.6 ;
    %pushi/vec4 1023, 1023, 10;
    %split/vec4 1;
    %store/vec4 v000001783726ec40_0, 0, 1;
    %split/vec4 1;
    %store/vec4 v000001783726fa00_0, 0, 1;
    %split/vec4 1;
    %store/vec4 v000001783726e100_0, 0, 1;
    %split/vec4 1;
    %store/vec4 v000001783726e420_0, 0, 1;
    %split/vec4 3;
    %store/vec4 v000001783726ee20_0, 0, 3;
    %split/vec4 1;
    %store/vec4 v000001783726ef60_0, 0, 1;
    %split/vec4 1;
    %store/vec4 v000001783726f820_0, 0, 1;
    %store/vec4 v000001783726ece0_0, 0, 1;
    %jmp T_14.16;
T_14.7 ;
    %pushi/vec4 672, 0, 10;
    %split/vec4 1;
    %store/vec4 v000001783726ec40_0, 0, 1;
    %split/vec4 1;
    %store/vec4 v000001783726fa00_0, 0, 1;
    %split/vec4 1;
    %store/vec4 v000001783726e100_0, 0, 1;
    %split/vec4 1;
    %store/vec4 v000001783726e420_0, 0, 1;
    %split/vec4 3;
    %store/vec4 v000001783726ee20_0, 0, 3;
    %split/vec4 1;
    %store/vec4 v000001783726ef60_0, 0, 1;
    %split/vec4 1;
    %store/vec4 v000001783726f820_0, 0, 1;
    %store/vec4 v000001783726ece0_0, 0, 1;
    %jmp T_14.16;
T_14.8 ;
    %pushi/vec4 674, 0, 10;
    %split/vec4 1;
    %store/vec4 v000001783726ec40_0, 0, 1;
    %split/vec4 1;
    %store/vec4 v000001783726fa00_0, 0, 1;
    %split/vec4 1;
    %store/vec4 v000001783726e100_0, 0, 1;
    %split/vec4 1;
    %store/vec4 v000001783726e420_0, 0, 1;
    %split/vec4 3;
    %store/vec4 v000001783726ee20_0, 0, 3;
    %split/vec4 1;
    %store/vec4 v000001783726ef60_0, 0, 1;
    %split/vec4 1;
    %store/vec4 v000001783726f820_0, 0, 1;
    %store/vec4 v000001783726ece0_0, 0, 1;
    %jmp T_14.16;
T_14.9 ;
    %pushi/vec4 422, 258, 10;
    %split/vec4 1;
    %store/vec4 v000001783726ec40_0, 0, 1;
    %split/vec4 1;
    %store/vec4 v000001783726fa00_0, 0, 1;
    %split/vec4 1;
    %store/vec4 v000001783726e100_0, 0, 1;
    %split/vec4 1;
    %store/vec4 v000001783726e420_0, 0, 1;
    %split/vec4 3;
    %store/vec4 v000001783726ee20_0, 0, 3;
    %split/vec4 1;
    %store/vec4 v000001783726ef60_0, 0, 1;
    %split/vec4 1;
    %store/vec4 v000001783726f820_0, 0, 1;
    %store/vec4 v000001783726ece0_0, 0, 1;
    %jmp T_14.16;
T_14.10 ;
    %pushi/vec4 362, 258, 10;
    %split/vec4 1;
    %store/vec4 v000001783726ec40_0, 0, 1;
    %split/vec4 1;
    %store/vec4 v000001783726fa00_0, 0, 1;
    %split/vec4 1;
    %store/vec4 v000001783726e100_0, 0, 1;
    %split/vec4 1;
    %store/vec4 v000001783726e420_0, 0, 1;
    %split/vec4 3;
    %store/vec4 v000001783726ee20_0, 0, 3;
    %split/vec4 1;
    %store/vec4 v000001783726ef60_0, 0, 1;
    %split/vec4 1;
    %store/vec4 v000001783726f820_0, 0, 1;
    %store/vec4 v000001783726ece0_0, 0, 1;
    %jmp T_14.16;
T_14.11 ;
    %pushi/vec4 507, 506, 10;
    %split/vec4 1;
    %store/vec4 v000001783726ec40_0, 0, 1;
    %split/vec4 1;
    %store/vec4 v000001783726fa00_0, 0, 1;
    %split/vec4 1;
    %store/vec4 v000001783726e100_0, 0, 1;
    %split/vec4 1;
    %store/vec4 v000001783726e420_0, 0, 1;
    %split/vec4 3;
    %store/vec4 v000001783726ee20_0, 0, 3;
    %split/vec4 1;
    %store/vec4 v000001783726ef60_0, 0, 1;
    %split/vec4 1;
    %store/vec4 v000001783726f820_0, 0, 1;
    %store/vec4 v000001783726ece0_0, 0, 1;
    %jmp T_14.16;
T_14.12 ;
    %pushi/vec4 640, 0, 10;
    %split/vec4 1;
    %store/vec4 v000001783726ec40_0, 0, 1;
    %split/vec4 1;
    %store/vec4 v000001783726fa00_0, 0, 1;
    %split/vec4 1;
    %store/vec4 v000001783726e100_0, 0, 1;
    %split/vec4 1;
    %store/vec4 v000001783726e420_0, 0, 1;
    %split/vec4 3;
    %store/vec4 v000001783726ee20_0, 0, 3;
    %split/vec4 1;
    %store/vec4 v000001783726ef60_0, 0, 1;
    %split/vec4 1;
    %store/vec4 v000001783726f820_0, 0, 1;
    %store/vec4 v000001783726ece0_0, 0, 1;
    %jmp T_14.16;
T_14.13 ;
    %pushi/vec4 656, 0, 10;
    %split/vec4 1;
    %store/vec4 v000001783726ec40_0, 0, 1;
    %split/vec4 1;
    %store/vec4 v000001783726fa00_0, 0, 1;
    %split/vec4 1;
    %store/vec4 v000001783726e100_0, 0, 1;
    %split/vec4 1;
    %store/vec4 v000001783726e420_0, 0, 1;
    %split/vec4 3;
    %store/vec4 v000001783726ee20_0, 0, 3;
    %split/vec4 1;
    %store/vec4 v000001783726ef60_0, 0, 1;
    %split/vec4 1;
    %store/vec4 v000001783726f820_0, 0, 1;
    %store/vec4 v000001783726ece0_0, 0, 1;
    %jmp T_14.16;
T_14.14 ;
    %pushi/vec4 1023, 1023, 10;
    %split/vec4 1;
    %store/vec4 v000001783726ec40_0, 0, 1;
    %split/vec4 1;
    %store/vec4 v000001783726fa00_0, 0, 1;
    %split/vec4 1;
    %store/vec4 v000001783726e100_0, 0, 1;
    %split/vec4 1;
    %store/vec4 v000001783726e420_0, 0, 1;
    %split/vec4 3;
    %store/vec4 v000001783726ee20_0, 0, 3;
    %split/vec4 1;
    %store/vec4 v000001783726ef60_0, 0, 1;
    %split/vec4 1;
    %store/vec4 v000001783726f820_0, 0, 1;
    %store/vec4 v000001783726ece0_0, 0, 1;
    %jmp T_14.16;
T_14.16 ;
    %pop/vec4 1;
    %jmp T_14;
    .thread T_14, $push;
    .scope S_00000178371dedb0;
T_15 ;
    %pushi/vec4 0, 0, 8;
    %ix/load 4, 0, 0;
    %flag_set/imm 4, 0;
    %store/vec4a v0000017837270250, 4, 0;
    %end;
    .thread T_15;
    .scope S_00000178371dedb0;
T_16 ;
    %wait E_00000178371ae800;
    %load/vec4 v0000017837271290_0;
    %cmpi/ne 0, 0, 5;
    %flag_get/vec4 4;
    %jmp/0 T_16.2, 4;
    %load/vec4 v0000017837270bb0_0;
    %and;
T_16.2;
    %flag_set/vec4 8;
    %jmp/0xz  T_16.0, 8;
    %load/vec4 v0000017837271b50_0;
    %ix/getv 3, v0000017837271290_0;
    %ix/load 4, 0, 0; Constant delay
    %assign/vec4/a/d v0000017837270250, 0, 4;
T_16.0 ;
    %load/vec4 v0000017837271dd0_0;
    %nor/r;
    %flag_set/vec4 8;
    %jmp/0xz  T_16.3, 8;
    %pushi/vec4 0, 0, 8;
    %ix/load 3, 0, 0;
    %flag_set/imm 4, 0;
    %ix/load 4, 0, 0; Constant delay
    %assign/vec4/a/d v0000017837270250, 0, 4;
    %pushi/vec4 0, 0, 8;
    %ix/load 3, 1, 0;
    %flag_set/imm 4, 0;
    %ix/load 4, 0, 0; Constant delay
    %assign/vec4/a/d v0000017837270250, 0, 4;
    %pushi/vec4 0, 0, 8;
    %ix/load 3, 2, 0;
    %flag_set/imm 4, 0;
    %ix/load 4, 0, 0; Constant delay
    %assign/vec4/a/d v0000017837270250, 0, 4;
    %pushi/vec4 0, 0, 8;
    %ix/load 3, 3, 0;
    %flag_set/imm 4, 0;
    %ix/load 4, 0, 0; Constant delay
    %assign/vec4/a/d v0000017837270250, 0, 4;
    %pushi/vec4 0, 0, 8;
    %ix/load 3, 4, 0;
    %flag_set/imm 4, 0;
    %ix/load 4, 0, 0; Constant delay
    %assign/vec4/a/d v0000017837270250, 0, 4;
    %pushi/vec4 0, 0, 8;
    %ix/load 3, 5, 0;
    %flag_set/imm 4, 0;
    %ix/load 4, 0, 0; Constant delay
    %assign/vec4/a/d v0000017837270250, 0, 4;
    %pushi/vec4 0, 0, 8;
    %ix/load 3, 6, 0;
    %flag_set/imm 4, 0;
    %ix/load 4, 0, 0; Constant delay
    %assign/vec4/a/d v0000017837270250, 0, 4;
    %pushi/vec4 0, 0, 8;
    %ix/load 3, 7, 0;
    %flag_set/imm 4, 0;
    %ix/load 4, 0, 0; Constant delay
    %assign/vec4/a/d v0000017837270250, 0, 4;
T_16.3 ;
    %jmp T_16;
    .thread T_16;
    .scope S_0000017837143d90;
T_17 ;
    %wait E_00000178371ae640;
    %load/vec4 v00000178371c71e0_0;
    %dup/vec4;
    %pushi/vec4 0, 0, 1;
    %cmp/u;
    %jmp/1 T_17.0, 6;
    %dup/vec4;
    %pushi/vec4 1, 0, 1;
    %cmp/u;
    %jmp/1 T_17.1, 6;
    %pushi/vec4 0, 0, 8;
    %store/vec4 v00000178371c6380_0, 0, 8;
    %jmp T_17.3;
T_17.0 ;
    %load/vec4 v00000178371c7820_0;
    %store/vec4 v00000178371c6380_0, 0, 8;
    %jmp T_17.3;
T_17.1 ;
    %load/vec4 v00000178371c6100_0;
    %store/vec4 v00000178371c6380_0, 0, 8;
    %jmp T_17.3;
T_17.3 ;
    %pop/vec4 1;
    %jmp T_17;
    .thread T_17, $push;
    .scope S_00000178371dec20;
T_18 ;
    %wait E_00000178371af6c0;
    %load/vec4 v0000017837270cf0_0;
    %dup/vec4;
    %pushi/vec4 0, 0, 3;
    %cmp/u;
    %jmp/1 T_18.0, 6;
    %dup/vec4;
    %pushi/vec4 1, 0, 3;
    %cmp/u;
    %jmp/1 T_18.1, 6;
    %dup/vec4;
    %pushi/vec4 2, 0, 3;
    %cmp/u;
    %jmp/1 T_18.2, 6;
    %dup/vec4;
    %pushi/vec4 3, 0, 3;
    %cmp/u;
    %jmp/1 T_18.3, 6;
    %dup/vec4;
    %pushi/vec4 4, 0, 3;
    %cmp/u;
    %jmp/1 T_18.4, 6;
    %dup/vec4;
    %pushi/vec4 6, 0, 3;
    %cmp/u;
    %jmp/1 T_18.5, 6;
    %dup/vec4;
    %pushi/vec4 7, 0, 3;
    %cmp/u;
    %jmp/1 T_18.6, 6;
    %jmp T_18.7;
T_18.0 ;
    %load/vec4 v0000017837271650_0;
    %load/vec4 v0000017837270b10_0;
    %and;
    %store/vec4 v0000017837271e70_0, 0, 9;
    %jmp T_18.7;
T_18.1 ;
    %load/vec4 v0000017837271650_0;
    %load/vec4 v0000017837270b10_0;
    %or;
    %store/vec4 v0000017837271e70_0, 0, 9;
    %jmp T_18.7;
T_18.2 ;
    %load/vec4 v0000017837271650_0;
    %load/vec4 v0000017837270b10_0;
    %add;
    %store/vec4 v0000017837271e70_0, 0, 9;
    %jmp T_18.7;
T_18.3 ;
    %load/vec4 v0000017837271650_0;
    %load/vec4 v0000017837270b10_0;
    %or;
    %inv;
    %store/vec4 v0000017837271e70_0, 0, 9;
    %jmp T_18.7;
T_18.4 ;
    %load/vec4 v0000017837271650_0;
    %load/vec4 v0000017837270b10_0;
    %xor;
    %store/vec4 v0000017837271e70_0, 0, 9;
    %jmp T_18.7;
T_18.5 ;
    %load/vec4 v0000017837271650_0;
    %load/vec4 v0000017837270b10_0;
    %inv;
    %add;
    %addi 1, 0, 9;
    %store/vec4 v0000017837271e70_0, 0, 9;
    %jmp T_18.7;
T_18.6 ;
    %load/vec4 v0000017837271650_0;
    %load/vec4 v0000017837270b10_0;
    %cmp/u;
    %flag_get/vec4 5;
    %pad/u 9;
    %store/vec4 v0000017837271e70_0, 0, 9;
    %jmp T_18.7;
T_18.7 ;
    %pop/vec4 1;
    %load/vec4 v0000017837271e70_0;
    %cmpi/ne 0, 0, 9;
    %flag_mov 8, 4;
    %jmp/0 T_18.8, 8;
    %pushi/vec4 0, 0, 2;
    %jmp/1 T_18.9, 8;
T_18.8 ; End of true expr.
    %pushi/vec4 1, 0, 2;
    %jmp/0 T_18.9, 8;
 ; End of false expr.
    %blend;
T_18.9;
    %pad/s 1;
    %store/vec4 v00000178372707f0_0, 0, 1;
    %jmp T_18;
    .thread T_18, $push;
    .scope S_0000017837143f20;
T_19 ;
    %wait E_00000178371ae0c0;
    %load/vec4 v00000178371c6880_0;
    %dup/vec4;
    %pushi/vec4 0, 0, 1;
    %cmp/u;
    %jmp/1 T_19.0, 6;
    %dup/vec4;
    %pushi/vec4 1, 0, 1;
    %cmp/u;
    %jmp/1 T_19.1, 6;
    %pushi/vec4 0, 0, 4;
    %store/vec4 v00000178371c6920_0, 0, 4;
    %jmp T_19.3;
T_19.0 ;
    %load/vec4 v00000178371c6420_0;
    %store/vec4 v00000178371c6920_0, 0, 4;
    %jmp T_19.3;
T_19.1 ;
    %load/vec4 v00000178371c6c40_0;
    %store/vec4 v00000178371c6920_0, 0, 4;
    %jmp T_19.3;
T_19.3 ;
    %pop/vec4 1;
    %jmp T_19;
    .thread T_19, $push;
# The file index is used to find the file name in the following table.
:file_names 17;
    "N/A";
    "<interactive>";
    "-";
    "./InstrMemory.sv";
    "Mod_Teste.sv";
    "./Mux2x1.sv";
    "./LCD_TEST.v";
    "./LCD_Controller.v";
    "./ParallelIn.sv";
    "./ParallelOut.sv";
    "./PC.sv";
    "./Adder1.sv";
    "./ControlUnit.sv";
    "./Decodificador.sv";
    "./FreqDivisor.sv";
    "./RegisterFile.sv";
    "./ULA.sv";
