#! /c/Source/iverilog-install/bin/vvp
:ivl_version "12.0 (devel)" "(s20150603-1539-g2693dd32b)";
:ivl_delay_selection "TYPICAL";
:vpi_time_precision + 0;
:vpi_module "C:\iverilog\lib\ivl\system.vpi";
:vpi_module "C:\iverilog\lib\ivl\vhdl_sys.vpi";
:vpi_module "C:\iverilog\lib\ivl\vhdl_textio.vpi";
:vpi_module "C:\iverilog\lib\ivl\v2005_math.vpi";
:vpi_module "C:\iverilog\lib\ivl\va_math.vpi";
:vpi_module "C:\iverilog\lib\ivl\v2009.vpi";
S_000001991eb866a0 .scope package, "$unit" "$unit" 2 1;
 .timescale 0 0;
S_000001991eb86830 .scope module, "tb_Cont_M10" "tb_Cont_M10" 3 3;
 .timescale 0 0;
v000001991eb52a60_0 .var "clk", 0 0;
v000001991eb52b00_0 .net "cont", 3 0, v000001991eb869c0_0;  1 drivers
v000001991eb52ba0_0 .var "rst", 0 0;
S_000001991eb52830 .scope module, "contm10" "Cont_M10" 3 9, 4 1 0, S_000001991eb86830;
 .timescale 0 0;
    .port_info 0 /INPUT 1 "clk";
    .port_info 1 /INPUT 1 "rst";
    .port_info 2 /OUTPUT 4 "cont";
v000001991eb52f20_0 .net "clk", 0 0, v000001991eb52a60_0;  1 drivers
v000001991eb869c0_0 .var "cont", 3 0;
v000001991eb86a60_0 .var "contador", 0 0;
v000001991eb529c0_0 .net "rst", 0 0, v000001991eb52ba0_0;  1 drivers
E_000001991eb3c0b0 .event posedge, v000001991eb52f20_0;
    .scope S_000001991eb52830;
T_0 ;
    %pushi/vec4 0, 0, 1;
    %store/vec4 v000001991eb86a60_0, 0, 1;
    %end;
    .thread T_0, $init;
    .scope S_000001991eb52830;
T_1 ;
    %wait E_000001991eb3c0b0;
    %load/vec4 v000001991eb86a60_0;
    %pad/u 4;
    %cmpi/u 9, 0, 4;
    %flag_or 5, 4;
    %jmp/0xz  T_1.0, 5;
    %load/vec4 v000001991eb86a60_0;
    %pad/u 2;
    %addi 1, 0, 2;
    %pad/u 1;
    %store/vec4 v000001991eb86a60_0, 0, 1;
    %load/vec4 v000001991eb86a60_0;
    %pad/u 4;
    %store/vec4 v000001991eb869c0_0, 0, 4;
    %jmp T_1.1;
T_1.0 ;
    %pushi/vec4 0, 0, 1;
    %store/vec4 v000001991eb86a60_0, 0, 1;
    %load/vec4 v000001991eb86a60_0;
    %pad/u 4;
    %store/vec4 v000001991eb869c0_0, 0, 4;
T_1.1 ;
    %jmp T_1;
    .thread T_1;
    .scope S_000001991eb86830;
T_2 ;
    %pushi/vec4 0, 0, 1;
    %store/vec4 v000001991eb52a60_0, 0, 1;
    %pushi/vec4 0, 0, 1;
    %store/vec4 v000001991eb52ba0_0, 0, 1;
    %end;
    .thread T_2;
    .scope S_000001991eb86830;
T_3 ;
    %delay 1, 0;
    %load/vec4 v000001991eb52a60_0;
    %inv;
    %store/vec4 v000001991eb52a60_0, 0, 1;
    %jmp T_3;
    .thread T_3;
    .scope S_000001991eb86830;
T_4 ;
    %vpi_call/w 3 36 "$dumpfile", "Sprint2.vcd" {0 0 0};
    %vpi_call/w 3 37 "$dumpvars", 32'sb00000000000000000000000000000000, S_000001991eb52830 {0 0 0};
    %end;
    .thread T_4;
    .scope S_000001991eb86830;
T_5 ;
    %delay 20, 0;
    %vpi_call/w 3 41 "$finish" {0 0 0};
    %end;
    .thread T_5;
# The file index is used to find the file name in the following table.
:file_names 5;
    "N/A";
    "<interactive>";
    "-";
    "tb_Cont_M10.sv";
    "./.\Cont_M10.sv";
